Batch number 0/262.
Batch number 10/262.
Batch number 20/262.
Batch number 30/262.
Batch number 40/262.
Batch number 50/262.
Batch number 60/262.
Batch number 70/262.
Batch number 80/262.
Batch number 90/262.
Batch number 100/262.
Batch number 110/262.
Batch number 120/262.
Batch number 130/262.
Batch number 140/262.
Batch number 150/262.
Batch number 160/262.
Batch number 170/262.
Batch number 180/262.
Batch number 190/262.
Batch number 200/262.
Batch number 210/262.
Batch number 220/262.
Batch number 230/262.
Batch number 240/262.
Batch number 250/262.
Batch number 260/262.
Epoch: 1/50.. 
Training Loss: 1.362.. 
Training Accuracy: 53.984%
Training Time: 19.850 s
Epoch 0: the validation_accuracy is 62.72321428571429
Batch number 0/262.
Batch number 10/262.
Batch number 20/262.
Batch number 30/262.
Batch number 40/262.
Batch number 50/262.
Batch number 60/262.
Batch number 70/262.
Batch number 80/262.
Batch number 90/262.
Batch number 100/262.
Batch number 110/262.
Batch number 120/262.
Batch number 130/262.
Batch number 140/262.
Batch number 150/262.
Batch number 160/262.
Batch number 170/262.
Batch number 180/262.
Batch number 190/262.
Batch number 200/262.
Batch number 210/262.
Batch number 220/262.
Batch number 230/262.
Batch number 240/262.
Batch number 250/262.
Batch number 260/262.
Epoch: 2/50.. 
Training Loss: 0.856.. 
Training Accuracy: 71.302%
Training Time: 18.753 s
Epoch 1: the validation_accuracy is 70.703125
Batch number 0/262.
Batch number 10/262.
Batch number 20/262.
Batch number 30/262.
Batch number 40/262.
Batch number 50/262.
Batch number 60/262.
Batch number 70/262.
Batch number 80/262.
Batch number 90/262.
Batch number 100/262.
Batch number 110/262.
Batch number 120/262.
Batch number 130/262.
Batch number 140/262.
Batch number 150/262.
Batch number 160/262.
Batch number 170/262.
Batch number 180/262.
Batch number 190/262.
Batch number 200/262.
Batch number 210/262.
Batch number 220/262.
Batch number 230/262.
Batch number 240/262.
Batch number 250/262.
Batch number 260/262.
Epoch: 3/50.. 
Training Loss: 0.691.. 
Training Accuracy: 76.789%
Training Time: 19.014 s
Epoch 2: the validation_accuracy is 73.21428571428571
Batch number 0/262.
Batch number 10/262.
Batch number 20/262.
Batch number 30/262.
Batch number 40/262.
Batch number 50/262.
Batch number 60/262.
Batch number 70/262.
Batch number 80/262.
Batch number 90/262.
Batch number 100/262.
Batch number 110/262.
Batch number 120/262.
Batch number 130/262.
Batch number 140/262.
Batch number 150/262.
Batch number 160/262.
Batch number 170/262.
Batch number 180/262.
Batch number 190/262.
Batch number 200/262.
Batch number 210/262.
Batch number 220/262.
Batch number 230/262.
Batch number 240/262.
Batch number 250/262.
Batch number 260/262.
Epoch: 4/50.. 
Training Loss: 0.521.. 
Training Accuracy: 82.133%
Training Time: 19.124 s
Epoch 3: the validation_accuracy is 79.40848214285714
Batch number 0/262.
Batch number 10/262.
Batch number 20/262.
Batch number 30/262.
Batch number 40/262.
Batch number 50/262.
Batch number 60/262.
Batch number 70/262.
Batch number 80/262.
Batch number 90/262.
Batch number 100/262.
Batch number 110/262.
Batch number 120/262.
Batch number 130/262.
Batch number 140/262.
Batch number 150/262.
Batch number 160/262.
Batch number 170/262.
Batch number 180/262.
Batch number 190/262.
Batch number 200/262.
Batch number 210/262.
Batch number 220/262.
Batch number 230/262.
Batch number 240/262.
Batch number 250/262.
Batch number 260/262.
Epoch: 5/50.. 
Training Loss: 0.467.. 
Training Accuracy: 84.303%
Training Time: 18.591 s
Batch number 0/262.
Batch number 10/262.
Batch number 20/262.
Batch number 30/262.
Batch number 40/262.
Batch number 50/262.
Batch number 60/262.
Batch number 70/262.
Batch number 80/262.
Batch number 90/262.
Batch number 100/262.
Batch number 110/262.
Batch number 120/262.
Batch number 130/262.
Batch number 140/262.
Batch number 150/262.
Batch number 160/262.
Batch number 170/262.
Batch number 180/262.
Batch number 190/262.
Batch number 200/262.
Batch number 210/262.
Batch number 220/262.
Batch number 230/262.
Batch number 240/262.
Batch number 250/262.
Batch number 260/262.
Epoch: 6/50.. 
Training Loss: 0.354.. 
Training Accuracy: 88.645%
Training Time: 18.730 s
Batch number 0/262.
Batch number 10/262.
Batch number 20/262.
Batch number 30/262.
Batch number 40/262.
Batch number 50/262.
Batch number 60/262.
Batch number 70/262.
Batch number 80/262.
Batch number 90/262.
Batch number 100/262.
Batch number 110/262.
Batch number 120/262.
Batch number 130/262.
Batch number 140/262.
Batch number 150/262.
Batch number 160/262.
Batch number 170/262.
Batch number 180/262.
Batch number 190/262.
Batch number 200/262.
Batch number 210/262.
Batch number 220/262.
Batch number 230/262.
Batch number 240/262.
Batch number 250/262.
Batch number 260/262.
Epoch: 7/50.. 
Training Loss: 0.293.. 
Training Accuracy: 90.458%
Training Time: 18.264 s
Batch number 0/262.
Batch number 10/262.
Batch number 20/262.
Batch number 30/262.
Batch number 40/262.
Batch number 50/262.
Batch number 60/262.
Batch number 70/262.
Batch number 80/262.
Batch number 90/262.
Batch number 100/262.
Batch number 110/262.
Batch number 120/262.
Batch number 130/262.
Batch number 140/262.
Batch number 150/262.
Batch number 160/262.
Batch number 170/262.
Batch number 180/262.
Batch number 190/262.
Batch number 200/262.
Batch number 210/262.
Batch number 220/262.
Batch number 230/262.
Batch number 240/262.
Batch number 250/262.
Batch number 260/262.
Epoch: 8/50.. 
Training Loss: 0.230.. 
Training Accuracy: 92.199%
Training Time: 18.658 s
Batch number 0/262.
Batch number 10/262.
Batch number 20/262.
Batch number 30/262.
Batch number 40/262.
Batch number 50/262.
Batch number 60/262.
Batch number 70/262.
Batch number 80/262.
Batch number 90/262.
Batch number 100/262.
Batch number 110/262.
Batch number 120/262.
Batch number 130/262.
Batch number 140/262.
Batch number 150/262.
Batch number 160/262.
Batch number 170/262.
Batch number 180/262.
Batch number 190/262.
Batch number 200/262.
Batch number 210/262.
Batch number 220/262.
Batch number 230/262.
Batch number 240/262.
Batch number 250/262.
Batch number 260/262.
Epoch: 9/50.. 
Training Loss: 0.195.. 
Training Accuracy: 93.464%
Training Time: 18.180 s
Batch number 0/262.
Batch number 10/262.
Batch number 20/262.
Batch number 30/262.
Batch number 40/262.
Batch number 50/262.
Batch number 60/262.
Batch number 70/262.
Batch number 80/262.
Batch number 90/262.
Batch number 100/262.
Batch number 110/262.
Batch number 120/262.
Batch number 130/262.
Batch number 140/262.
Batch number 150/262.
Batch number 160/262.
Batch number 170/262.
Batch number 180/262.
Batch number 190/262.
Batch number 200/262.
Batch number 210/262.
Batch number 220/262.
Batch number 230/262.
Batch number 240/262.
Batch number 250/262.
Batch number 260/262.
Epoch: 10/50.. 
Training Loss: 0.097.. 
Training Accuracy: 97.090%
Training Time: 18.501 s
Batch number 0/262.
Batch number 10/262.
Batch number 20/262.
Batch number 30/262.
Batch number 40/262.
Batch number 50/262.
Batch number 60/262.
Batch number 70/262.
Batch number 80/262.
Batch number 90/262.
Batch number 100/262.
Batch number 110/262.
Batch number 120/262.
Batch number 130/262.
Batch number 140/262.
Batch number 150/262.
Batch number 160/262.
Batch number 170/262.
Batch number 180/262.
Batch number 190/262.
Batch number 200/262.
Batch number 210/262.
Batch number 220/262.
Batch number 230/262.
Batch number 240/262.
Batch number 250/262.
Batch number 260/262.
Epoch: 11/50.. 
Training Loss: 0.066.. 
Training Accuracy: 98.378%
Training Time: 18.645 s
Epoch 10: the validation_accuracy is 80.41294642857143
Batch number 0/262.
Batch number 10/262.
Batch number 20/262.
Batch number 30/262.
Batch number 40/262.
Batch number 50/262.
Batch number 60/262.
Batch number 70/262.
Batch number 80/262.
Batch number 90/262.
Batch number 100/262.
Batch number 110/262.
Batch number 120/262.
Batch number 130/262.
Batch number 140/262.
Batch number 150/262.
Batch number 160/262.
Batch number 170/262.
Batch number 180/262.
Batch number 190/262.
Batch number 200/262.
Batch number 210/262.
Batch number 220/262.
Batch number 230/262.
Batch number 240/262.
Batch number 250/262.
Batch number 260/262.
Epoch: 12/50.. 
Training Loss: 0.077.. 
Training Accuracy: 97.638%
Training Time: 18.750 s
Epoch 11: the validation_accuracy is 80.97098214285714
Batch number 0/262.
Batch number 10/262.
Batch number 20/262.
Batch number 30/262.
Batch number 40/262.
Batch number 50/262.
Batch number 60/262.
Batch number 70/262.
Batch number 80/262.
Batch number 90/262.
Batch number 100/262.
Batch number 110/262.
Batch number 120/262.
Batch number 130/262.
Batch number 140/262.
Batch number 150/262.
Batch number 160/262.
Batch number 170/262.
Batch number 180/262.
Batch number 190/262.
Batch number 200/262.
Batch number 210/262.
Batch number 220/262.
Batch number 230/262.
Batch number 240/262.
Batch number 250/262.
Batch number 260/262.
Epoch: 13/50.. 
Training Loss: 0.072.. 
Training Accuracy: 98.044%
Training Time: 18.713 s
Batch number 0/262.
Batch number 10/262.
Batch number 20/262.
Batch number 30/262.
Batch number 40/262.
Batch number 50/262.
Batch number 60/262.
Batch number 70/262.
Batch number 80/262.
Batch number 90/262.
Batch number 100/262.
Batch number 110/262.
Batch number 120/262.
Batch number 130/262.
Batch number 140/262.
Batch number 150/262.
Batch number 160/262.
Batch number 170/262.
Batch number 180/262.
Batch number 190/262.
Batch number 200/262.
Batch number 210/262.
Batch number 220/262.
Batch number 230/262.
Batch number 240/262.
Batch number 250/262.
Batch number 260/262.
Epoch: 14/50.. 
Training Loss: 0.064.. 
Training Accuracy: 98.306%
Training Time: 18.732 s
Batch number 0/262.
Batch number 10/262.
Batch number 20/262.
Batch number 30/262.
Batch number 40/262.
Batch number 50/262.
Batch number 60/262.
Batch number 70/262.
Batch number 80/262.
Batch number 90/262.
Batch number 100/262.
Batch number 110/262.
Batch number 120/262.
Batch number 130/262.
Batch number 140/262.
Batch number 150/262.
Batch number 160/262.
Batch number 170/262.
Batch number 180/262.
Batch number 190/262.
Batch number 200/262.
Batch number 210/262.
Batch number 220/262.
Batch number 230/262.
Batch number 240/262.
Batch number 250/262.
Batch number 260/262.
Epoch: 15/50.. 
Training Loss: 0.064.. 
Training Accuracy: 98.354%
Training Time: 18.656 s
Batch number 0/262.
Batch number 10/262.
Batch number 20/262.
Batch number 30/262.
Batch number 40/262.
Batch number 50/262.
Batch number 60/262.
Batch number 70/262.
Batch number 80/262.
Batch number 90/262.
Batch number 100/262.
Batch number 110/262.
Batch number 120/262.
Batch number 130/262.
Batch number 140/262.
Batch number 150/262.
Batch number 160/262.
Batch number 170/262.
Batch number 180/262.
Batch number 190/262.
Batch number 200/262.
Batch number 210/262.
Batch number 220/262.
Batch number 230/262.
Batch number 240/262.
Batch number 250/262.
Batch number 260/262.
Epoch: 16/50.. 
Training Loss: 0.071.. 
Training Accuracy: 97.925%
Training Time: 18.486 s
Batch number 0/262.
Batch number 10/262.
Batch number 20/262.
Batch number 30/262.
Batch number 40/262.
Batch number 50/262.
Batch number 60/262.
Batch number 70/262.
Batch number 80/262.
Batch number 90/262.
Batch number 100/262.
Batch number 110/262.
Batch number 120/262.
Batch number 130/262.
Batch number 140/262.
Batch number 150/262.
Batch number 160/262.
Batch number 170/262.
Batch number 180/262.
Batch number 190/262.
Batch number 200/262.
Batch number 210/262.
Batch number 220/262.
Batch number 230/262.
Batch number 240/262.
Batch number 250/262.
Batch number 260/262.
Epoch: 17/50.. 
Training Loss: 0.062.. 
Training Accuracy: 98.259%
Training Time: 18.444 s
Batch number 0/262.
Batch number 10/262.
Batch number 20/262.
Batch number 30/262.
Batch number 40/262.
Batch number 50/262.
Batch number 60/262.
Batch number 70/262.
Batch number 80/262.
Batch number 90/262.
Batch number 100/262.
Batch number 110/262.
Batch number 120/262.
Batch number 130/262.
Batch number 140/262.
Batch number 150/262.
Batch number 160/262.
Batch number 170/262.
Batch number 180/262.
Batch number 190/262.
Batch number 200/262.
Batch number 210/262.
Batch number 220/262.
Batch number 230/262.
Batch number 240/262.
Batch number 250/262.
Batch number 260/262.
Epoch: 18/50.. 
Training Loss: 0.041.. 
Training Accuracy: 98.927%
Training Time: 18.650 s
Batch number 0/262.
Batch number 10/262.
Batch number 20/262.
Batch number 30/262.
Batch number 40/262.
Batch number 50/262.
Batch number 60/262.
Batch number 70/262.
Batch number 80/262.
Batch number 90/262.
Batch number 100/262.
Batch number 110/262.
Batch number 120/262.
Batch number 130/262.
Batch number 140/262.
Batch number 150/262.
Batch number 160/262.
Batch number 170/262.
Batch number 180/262.
Batch number 190/262.
Batch number 200/262.
Batch number 210/262.
Batch number 220/262.
Batch number 230/262.
Batch number 240/262.
Batch number 250/262.
Batch number 260/262.
Epoch: 19/50.. 
Training Loss: 0.039.. 
Training Accuracy: 98.950%
Training Time: 18.354 s
Batch number 0/262.
Batch number 10/262.
Batch number 20/262.
Batch number 30/262.
Batch number 40/262.
Batch number 50/262.
Batch number 60/262.
Batch number 70/262.
Batch number 80/262.
Batch number 90/262.
Batch number 100/262.
Batch number 110/262.
Batch number 120/262.
Batch number 130/262.
Batch number 140/262.
Batch number 150/262.
Batch number 160/262.
Batch number 170/262.
Batch number 180/262.
Batch number 190/262.
Batch number 200/262.
Batch number 210/262.
Batch number 220/262.
Batch number 230/262.
Batch number 240/262.
Batch number 250/262.
Batch number 260/262.
Epoch: 20/50.. 
Training Loss: 0.034.. 
Training Accuracy: 99.046%
Training Time: 18.859 s
Batch number 0/262.
Batch number 10/262.
Batch number 20/262.
Batch number 30/262.
Batch number 40/262.
Batch number 50/262.
Batch number 60/262.
Batch number 70/262.
Batch number 80/262.
Batch number 90/262.
Batch number 100/262.
Batch number 110/262.
Batch number 120/262.
Batch number 130/262.
Batch number 140/262.
Batch number 150/262.
Batch number 160/262.
Batch number 170/262.
Batch number 180/262.
Batch number 190/262.
Batch number 200/262.
Batch number 210/262.
Batch number 220/262.
Batch number 230/262.
Batch number 240/262.
Batch number 250/262.
Batch number 260/262.
Epoch: 21/50.. 
Training Loss: 0.009.. 
Training Accuracy: 99.976%
Training Time: 18.927 s
Epoch 20: the validation_accuracy is 81.52901785714286
Batch number 0/262.
Batch number 10/262.
Batch number 20/262.
Batch number 30/262.
Batch number 40/262.
Batch number 50/262.
Batch number 60/262.
Batch number 70/262.
Batch number 80/262.
Batch number 90/262.
Batch number 100/262.
Batch number 110/262.
Batch number 120/262.
Batch number 130/262.
Batch number 140/262.
Batch number 150/262.
Batch number 160/262.
Batch number 170/262.
Batch number 180/262.
Batch number 190/262.
Batch number 200/262.
Batch number 210/262.
Batch number 220/262.
Batch number 230/262.
Batch number 240/262.
Batch number 250/262.
Batch number 260/262.
Epoch: 22/50.. 
Training Loss: 0.008.. 
Training Accuracy: 100.000%
Training Time: 18.454 s
Epoch 21: the validation_accuracy is 82.03125
Batch number 0/262.
Batch number 10/262.
Batch number 20/262.
Batch number 30/262.
Batch number 40/262.
Batch number 50/262.
Batch number 60/262.
Batch number 70/262.
Batch number 80/262.
Batch number 90/262.
Batch number 100/262.
Batch number 110/262.
Batch number 120/262.
Batch number 130/262.
Batch number 140/262.
Batch number 150/262.
Batch number 160/262.
Batch number 170/262.
Batch number 180/262.
Batch number 190/262.
Batch number 200/262.
Batch number 210/262.
Batch number 220/262.
Batch number 230/262.
Batch number 240/262.
Batch number 250/262.
Batch number 260/262.
Epoch: 23/50.. 
Training Loss: 0.013.. 
Training Accuracy: 99.881%
Training Time: 19.071 s
Batch number 0/262.
Batch number 10/262.
Batch number 20/262.
Batch number 30/262.
Batch number 40/262.
Batch number 50/262.
Batch number 60/262.
Batch number 70/262.
Batch number 80/262.
Batch number 90/262.
Batch number 100/262.
Batch number 110/262.
Batch number 120/262.
Batch number 130/262.
Batch number 140/262.
Batch number 150/262.
Batch number 160/262.
Batch number 170/262.
Batch number 180/262.
Batch number 190/262.
Batch number 200/262.
Batch number 210/262.
Batch number 220/262.
Batch number 230/262.
Batch number 240/262.
Batch number 250/262.
Batch number 260/262.
Epoch: 24/50.. 
Training Loss: 0.064.. 
Training Accuracy: 98.044%
Training Time: 18.416 s
Batch number 0/262.
Batch number 10/262.
Batch number 20/262.
Batch number 30/262.
Batch number 40/262.
Batch number 50/262.
Batch number 60/262.
Batch number 70/262.
Batch number 80/262.
Batch number 90/262.
Batch number 100/262.
Batch number 110/262.
Batch number 120/262.
Batch number 130/262.
Batch number 140/262.
Batch number 150/262.
Batch number 160/262.
Batch number 170/262.
Batch number 180/262.
Batch number 190/262.
Batch number 200/262.
Batch number 210/262.
Batch number 220/262.
Batch number 230/262.
Batch number 240/262.
Batch number 250/262.
Batch number 260/262.
Epoch: 25/50.. 
Training Loss: 0.062.. 
Training Accuracy: 98.139%
Training Time: 19.012 s
Batch number 0/262.
Batch number 10/262.
Batch number 20/262.
Batch number 30/262.
Batch number 40/262.
Batch number 50/262.
Batch number 60/262.
Batch number 70/262.
Batch number 80/262.
Batch number 90/262.
Batch number 100/262.
Batch number 110/262.
Batch number 120/262.
Batch number 130/262.
Batch number 140/262.
Batch number 150/262.
Batch number 160/262.
Batch number 170/262.
Batch number 180/262.
Batch number 190/262.
Batch number 200/262.
Batch number 210/262.
Batch number 220/262.
Batch number 230/262.
Batch number 240/262.
Batch number 250/262.
Batch number 260/262.
Epoch: 26/50.. 
Training Loss: 0.037.. 
Training Accuracy: 99.022%
Training Time: 18.758 s
Batch number 0/262.
Batch number 10/262.
Batch number 20/262.
Batch number 30/262.
Batch number 40/262.
Batch number 50/262.
Batch number 60/262.
Batch number 70/262.
Batch number 80/262.
Batch number 90/262.
Batch number 100/262.
Batch number 110/262.
Batch number 120/262.
Batch number 130/262.
Batch number 140/262.
Batch number 150/262.
Batch number 160/262.
Batch number 170/262.
Batch number 180/262.
Batch number 190/262.
Batch number 200/262.
Batch number 210/262.
Batch number 220/262.
Batch number 230/262.
Batch number 240/262.
Batch number 250/262.
Batch number 260/262.
Epoch: 27/50.. 
Training Loss: 0.022.. 
Training Accuracy: 99.594%
Training Time: 18.930 s
Batch number 0/262.
Batch number 10/262.
Batch number 20/262.
Batch number 30/262.
Batch number 40/262.
Batch number 50/262.
Batch number 60/262.
Batch number 70/262.
Batch number 80/262.
Batch number 90/262.
Batch number 100/262.
Batch number 110/262.
Batch number 120/262.
Batch number 130/262.
Batch number 140/262.
Batch number 150/262.
Batch number 160/262.
Batch number 170/262.
Batch number 180/262.
Batch number 190/262.
Batch number 200/262.
Batch number 210/262.
Batch number 220/262.
Batch number 230/262.
Batch number 240/262.
Batch number 250/262.
Batch number 260/262.
Epoch: 28/50.. 
Training Loss: 0.024.. 
Training Accuracy: 99.523%
Training Time: 18.630 s
Batch number 0/262.
Batch number 10/262.
Batch number 20/262.
Batch number 30/262.
Batch number 40/262.
Batch number 50/262.
Batch number 60/262.
Batch number 70/262.
Batch number 80/262.
Batch number 90/262.
Batch number 100/262.
Batch number 110/262.
Batch number 120/262.
Batch number 130/262.
Batch number 140/262.
Batch number 150/262.
Batch number 160/262.
Batch number 170/262.
Batch number 180/262.
Batch number 190/262.
Batch number 200/262.
Batch number 210/262.
Batch number 220/262.
Batch number 230/262.
Batch number 240/262.
Batch number 250/262.
Batch number 260/262.
Epoch: 29/50.. 
Training Loss: 0.018.. 
Training Accuracy: 99.738%
Training Time: 18.726 s
Batch number 0/262.
Batch number 10/262.
Batch number 20/262.
Batch number 30/262.
Batch number 40/262.
Batch number 50/262.
Batch number 60/262.
Batch number 70/262.
Batch number 80/262.
Batch number 90/262.
Batch number 100/262.
Batch number 110/262.
Batch number 120/262.
Batch number 130/262.
Batch number 140/262.
Batch number 150/262.
Batch number 160/262.
Batch number 170/262.
Batch number 180/262.
Batch number 190/262.
Batch number 200/262.
Batch number 210/262.
Batch number 220/262.
Batch number 230/262.
Batch number 240/262.
Batch number 250/262.
Batch number 260/262.
Epoch: 30/50.. 
Training Loss: 0.016.. 
Training Accuracy: 99.690%
Training Time: 18.603 s
Batch number 0/262.
Batch number 10/262.
Batch number 20/262.
Batch number 30/262.
Batch number 40/262.
Batch number 50/262.
Batch number 60/262.
Batch number 70/262.
Batch number 80/262.
Batch number 90/262.
Batch number 100/262.
Batch number 110/262.
Batch number 120/262.
Batch number 130/262.
Batch number 140/262.
Batch number 150/262.
Batch number 160/262.
Batch number 170/262.
Batch number 180/262.
Batch number 190/262.
Batch number 200/262.
Batch number 210/262.
Batch number 220/262.
Batch number 230/262.
Batch number 240/262.
Batch number 250/262.
Batch number 260/262.
Epoch: 31/50.. 
Training Loss: 0.003.. 
Training Accuracy: 100.191%
Training Time: 18.706 s
Batch number 0/262.
Batch number 10/262.
Batch number 20/262.
Batch number 30/262.
Batch number 40/262.
Batch number 50/262.
Batch number 60/262.
Batch number 70/262.
Batch number 80/262.
Batch number 90/262.
Batch number 100/262.
Batch number 110/262.
Batch number 120/262.
Batch number 130/262.
Batch number 140/262.
Batch number 150/262.
Batch number 160/262.
Batch number 170/262.
Batch number 180/262.
Batch number 190/262.
Batch number 200/262.
Batch number 210/262.
Batch number 220/262.
Batch number 230/262.
Batch number 240/262.
Batch number 250/262.
Batch number 260/262.
Epoch: 32/50.. 
Training Loss: 0.002.. 
Training Accuracy: 100.167%
Training Time: 18.895 s
Batch number 0/262.
Batch number 10/262.
Batch number 20/262.
Batch number 30/262.
Batch number 40/262.
Batch number 50/262.
Batch number 60/262.
Batch number 70/262.
Batch number 80/262.
Batch number 90/262.
Batch number 100/262.
Batch number 110/262.
Batch number 120/262.
Batch number 130/262.
Batch number 140/262.
Batch number 150/262.
Batch number 160/262.
Batch number 170/262.
Batch number 180/262.
Batch number 190/262.
Batch number 200/262.
Batch number 210/262.
Batch number 220/262.
Batch number 230/262.
Batch number 240/262.
Batch number 250/262.
Batch number 260/262.
Epoch: 33/50.. 
Training Loss: 0.006.. 
Training Accuracy: 100.048%
Training Time: 18.936 s
Batch number 0/262.
Batch number 10/262.
Batch number 20/262.
Batch number 30/262.
Batch number 40/262.
Batch number 50/262.
Batch number 60/262.
Batch number 70/262.
Batch number 80/262.
Batch number 90/262.
Batch number 100/262.
Batch number 110/262.
Batch number 120/262.
Batch number 130/262.
Batch number 140/262.
Batch number 150/262.
Batch number 160/262.
Batch number 170/262.
Batch number 180/262.
Batch number 190/262.
Batch number 200/262.
Batch number 210/262.
Batch number 220/262.
Batch number 230/262.
Batch number 240/262.
Batch number 250/262.
Batch number 260/262.
Epoch: 34/50.. 
Training Loss: 0.002.. 
Training Accuracy: 100.191%
Training Time: 17.994 s
Batch number 0/262.
Batch number 10/262.
Batch number 20/262.
Batch number 30/262.
Batch number 40/262.
Batch number 50/262.
Batch number 60/262.
Batch number 70/262.
Batch number 80/262.
Batch number 90/262.
Batch number 100/262.
Batch number 110/262.
Batch number 120/262.
Batch number 130/262.
Batch number 140/262.
Batch number 150/262.
Batch number 160/262.
Batch number 170/262.
Batch number 180/262.
Batch number 190/262.
Batch number 200/262.
Batch number 210/262.
Batch number 220/262.
Batch number 230/262.
Batch number 240/262.
Batch number 250/262.
Batch number 260/262.
Epoch: 35/50.. 
Training Loss: 0.004.. 
Training Accuracy: 100.072%
Training Time: 18.119 s
Batch number 0/262.
Batch number 10/262.
Batch number 20/262.
Batch number 30/262.
Batch number 40/262.
Batch number 50/262.
Batch number 60/262.
Batch number 70/262.
Batch number 80/262.
Batch number 90/262.
Batch number 100/262.
Batch number 110/262.
Batch number 120/262.
Batch number 130/262.
Batch number 140/262.
Batch number 150/262.
Batch number 160/262.
Batch number 170/262.
Batch number 180/262.
Batch number 190/262.
Batch number 200/262.
Batch number 210/262.
Batch number 220/262.
Batch number 230/262.
Batch number 240/262.
Batch number 250/262.
Batch number 260/262.
Epoch: 36/50.. 
Training Loss: 0.030.. 
Training Accuracy: 99.213%
Training Time: 18.100 s
Batch number 0/262.
Batch number 10/262.
Batch number 20/262.
Batch number 30/262.
Batch number 40/262.
Batch number 50/262.
Batch number 60/262.
Batch number 70/262.
Batch number 80/262.
Batch number 90/262.
Batch number 100/262.
Batch number 110/262.
Batch number 120/262.
Batch number 130/262.
Batch number 140/262.
Batch number 150/262.
Batch number 160/262.
Batch number 170/262.
Batch number 180/262.
Batch number 190/262.
Batch number 200/262.
Batch number 210/262.
Batch number 220/262.
Batch number 230/262.
Batch number 240/262.
Batch number 250/262.
Batch number 260/262.
Epoch: 37/50.. 
Training Loss: 0.067.. 
Training Accuracy: 98.235%
Training Time: 18.174 s
Batch number 0/262.
Batch number 10/262.
Batch number 20/262.
Batch number 30/262.
Batch number 40/262.
Batch number 50/262.
Batch number 60/262.
Batch number 70/262.
Batch number 80/262.
Batch number 90/262.
Batch number 100/262.
Batch number 110/262.
Batch number 120/262.
Batch number 130/262.
Batch number 140/262.
Batch number 150/262.
Batch number 160/262.
Batch number 170/262.
Batch number 180/262.
Batch number 190/262.
Batch number 200/262.
Batch number 210/262.
Batch number 220/262.
Batch number 230/262.
Batch number 240/262.
Batch number 250/262.
Batch number 260/262.
Epoch: 38/50.. 
Training Loss: 0.010.. 
Training Accuracy: 99.976%
Training Time: 17.994 s
Batch number 0/262.
Batch number 10/262.
Batch number 20/262.
Batch number 30/262.
Batch number 40/262.
Batch number 50/262.
Batch number 60/262.
Batch number 70/262.
Batch number 80/262.
Batch number 90/262.
Batch number 100/262.
Batch number 110/262.
Batch number 120/262.
Batch number 130/262.
Batch number 140/262.
Batch number 150/262.
Batch number 160/262.
Batch number 170/262.
Batch number 180/262.
Batch number 190/262.
Batch number 200/262.
Batch number 210/262.
Batch number 220/262.
Batch number 230/262.
Batch number 240/262.
Batch number 250/262.
Batch number 260/262.
Epoch: 39/50.. 
Training Loss: 0.008.. 
Training Accuracy: 99.928%
Training Time: 17.636 s
Batch number 0/262.
Batch number 10/262.
Batch number 20/262.
Batch number 30/262.
Batch number 40/262.
Batch number 50/262.
Batch number 60/262.
Batch number 70/262.
Batch number 80/262.
Batch number 90/262.
Batch number 100/262.
Batch number 110/262.
Batch number 120/262.
Batch number 130/262.
Batch number 140/262.
Batch number 150/262.
Batch number 160/262.
Batch number 170/262.
Batch number 180/262.
Batch number 190/262.
Batch number 200/262.
Batch number 210/262.
Batch number 220/262.
Batch number 230/262.
Batch number 240/262.
Batch number 250/262.
Batch number 260/262.
Epoch: 40/50.. 
Training Loss: 0.003.. 
Training Accuracy: 100.167%
Training Time: 18.413 s
Epoch 39: the validation_accuracy is 82.53348214285714
Batch number 0/262.
Batch number 10/262.
Batch number 20/262.
Batch number 30/262.
Batch number 40/262.
Batch number 50/262.
Batch number 60/262.
Batch number 70/262.
Batch number 80/262.
Batch number 90/262.
Batch number 100/262.
Batch number 110/262.
Batch number 120/262.
Batch number 130/262.
Batch number 140/262.
Batch number 150/262.
Batch number 160/262.
Batch number 170/262.
Batch number 180/262.
Batch number 190/262.
Batch number 200/262.
Batch number 210/262.
Batch number 220/262.
Batch number 230/262.
Batch number 240/262.
Batch number 250/262.
Batch number 260/262.
Epoch: 41/50.. 
Training Loss: 0.003.. 
Training Accuracy: 100.119%
Training Time: 18.316 s
Epoch 40: the validation_accuracy is 82.8125
Batch number 0/262.
Batch number 10/262.
Batch number 20/262.
Batch number 30/262.
Batch number 40/262.
Batch number 50/262.
Batch number 60/262.
Batch number 70/262.
Batch number 80/262.
Batch number 90/262.
Batch number 100/262.
Batch number 110/262.
Batch number 120/262.
Batch number 130/262.
Batch number 140/262.
Batch number 150/262.
Batch number 160/262.
Batch number 170/262.
Batch number 180/262.
Batch number 190/262.
Batch number 200/262.
Batch number 210/262.
Batch number 220/262.
Batch number 230/262.
Batch number 240/262.
Batch number 250/262.
Batch number 260/262.
Epoch: 42/50.. 
Training Loss: 0.004.. 
Training Accuracy: 100.048%
Training Time: 18.305 s
Batch number 0/262.
Batch number 10/262.
Batch number 20/262.
Batch number 30/262.
Batch number 40/262.
Batch number 50/262.
Batch number 60/262.
Batch number 70/262.
Batch number 80/262.
Batch number 90/262.
Batch number 100/262.
Batch number 110/262.
Batch number 120/262.
Batch number 130/262.
Batch number 140/262.
Batch number 150/262.
Batch number 160/262.
Batch number 170/262.
Batch number 180/262.
Batch number 190/262.
Batch number 200/262.
Batch number 210/262.
Batch number 220/262.
Batch number 230/262.
Batch number 240/262.
Batch number 250/262.
Batch number 260/262.
Epoch: 43/50.. 
Training Loss: 0.008.. 
Training Accuracy: 100.048%
Training Time: 18.645 s
Batch number 0/262.
Batch number 10/262.
Batch number 20/262.
Batch number 30/262.
Batch number 40/262.
Batch number 50/262.
Batch number 60/262.
Batch number 70/262.
Batch number 80/262.
Batch number 90/262.
Batch number 100/262.
Batch number 110/262.
Batch number 120/262.
Batch number 130/262.
Batch number 140/262.
Batch number 150/262.
Batch number 160/262.
Batch number 170/262.
Batch number 180/262.
Batch number 190/262.
Batch number 200/262.
Batch number 210/262.
Batch number 220/262.
Batch number 230/262.
Batch number 240/262.
Batch number 250/262.
Batch number 260/262.
Epoch: 44/50.. 
Training Loss: 0.017.. 
Training Accuracy: 99.666%
Training Time: 18.865 s
Batch number 0/262.
Batch number 10/262.
Batch number 20/262.
Batch number 30/262.
Batch number 40/262.
Batch number 50/262.
Batch number 60/262.
Batch number 70/262.
Batch number 80/262.
Batch number 90/262.
Batch number 100/262.
Batch number 110/262.
Batch number 120/262.
Batch number 130/262.
Batch number 140/262.
Batch number 150/262.
Batch number 160/262.
Batch number 170/262.
Batch number 180/262.
Batch number 190/262.
Batch number 200/262.
Batch number 210/262.
Batch number 220/262.
Batch number 230/262.
Batch number 240/262.
Batch number 250/262.
Batch number 260/262.
Epoch: 45/50.. 
Training Loss: 0.012.. 
Training Accuracy: 99.809%
Training Time: 18.234 s
Batch number 0/262.
Batch number 10/262.
Batch number 20/262.
Batch number 30/262.
Batch number 40/262.
Batch number 50/262.
Batch number 60/262.
Batch number 70/262.
Batch number 80/262.
Batch number 90/262.
Batch number 100/262.
Batch number 110/262.
Batch number 120/262.
Batch number 130/262.
Batch number 140/262.
Batch number 150/262.
Batch number 160/262.
Batch number 170/262.
Batch number 180/262.
Batch number 190/262.
Batch number 200/262.
Batch number 210/262.
Batch number 220/262.
Batch number 230/262.
Batch number 240/262.
Batch number 250/262.
Batch number 260/262.
Epoch: 46/50.. 
Training Loss: 0.018.. 
Training Accuracy: 99.618%
Training Time: 18.180 s
Batch number 0/262.
Batch number 10/262.
Batch number 20/262.
Batch number 30/262.
Batch number 40/262.
Batch number 50/262.
Batch number 60/262.
Batch number 70/262.
Batch number 80/262.
Batch number 90/262.
Batch number 100/262.
Batch number 110/262.
Batch number 120/262.
Batch number 130/262.
Batch number 140/262.
Batch number 150/262.
Batch number 160/262.
Batch number 170/262.
Batch number 180/262.
Batch number 190/262.
Batch number 200/262.
Batch number 210/262.
Batch number 220/262.
Batch number 230/262.
Batch number 240/262.
Batch number 250/262.
Batch number 260/262.
Epoch: 47/50.. 
Training Loss: 0.010.. 
Training Accuracy: 99.905%
Training Time: 18.554 s
Batch number 0/262.
Batch number 10/262.
Batch number 20/262.
Batch number 30/262.
Batch number 40/262.
Batch number 50/262.
Batch number 60/262.
Batch number 70/262.
Batch number 80/262.
Batch number 90/262.
Batch number 100/262.
Batch number 110/262.
Batch number 120/262.
Batch number 130/262.
Batch number 140/262.
Batch number 150/262.
Batch number 160/262.
Batch number 170/262.
Batch number 180/262.
Batch number 190/262.
Batch number 200/262.
Batch number 210/262.
Batch number 220/262.
Batch number 230/262.
Batch number 240/262.
Batch number 250/262.
Batch number 260/262.
Epoch: 48/50.. 
Training Loss: 0.006.. 
Training Accuracy: 99.952%
Training Time: 18.672 s
Batch number 0/262.
Batch number 10/262.
Batch number 20/262.
Batch number 30/262.
Batch number 40/262.
Batch number 50/262.
Batch number 60/262.
Batch number 70/262.
Batch number 80/262.
Batch number 90/262.
Batch number 100/262.
Batch number 110/262.
Batch number 120/262.
Batch number 130/262.
Batch number 140/262.
Batch number 150/262.
Batch number 160/262.
Batch number 170/262.
Batch number 180/262.
Batch number 190/262.
Batch number 200/262.
Batch number 210/262.
Batch number 220/262.
Batch number 230/262.
Batch number 240/262.
Batch number 250/262.
Batch number 260/262.
Epoch: 49/50.. 
Training Loss: 0.004.. 
Training Accuracy: 100.048%
Training Time: 18.520 s
Batch number 0/262.
Batch number 10/262.
Batch number 20/262.
Batch number 30/262.
Batch number 40/262.
Batch number 50/262.
Batch number 60/262.
Batch number 70/262.
Batch number 80/262.
Batch number 90/262.
Batch number 100/262.
Batch number 110/262.
Batch number 120/262.
Batch number 130/262.
Batch number 140/262.
Batch number 150/262.
Batch number 160/262.
Batch number 170/262.
Batch number 180/262.
Batch number 190/262.
Batch number 200/262.
Batch number 210/262.
Batch number 220/262.
Batch number 230/262.
Batch number 240/262.
Batch number 250/262.
Batch number 260/262.
Epoch: 50/50.. 
Training Loss: 0.003.. 
Training Accuracy: 100.119%
Training Time: 18.459 s
