Batch number 0/380.
Batch number 10/380.
Batch number 20/380.
Batch number 30/380.
Batch number 40/380.
Batch number 50/380.
Batch number 60/380.
Batch number 70/380.
Batch number 80/380.
Batch number 90/380.
Batch number 100/380.
Batch number 110/380.
Batch number 120/380.
Batch number 130/380.
Batch number 140/380.
Batch number 150/380.
Batch number 160/380.
Batch number 170/380.
Batch number 180/380.
Batch number 190/380.
Batch number 200/380.
Batch number 210/380.
Batch number 220/380.
Batch number 230/380.
Batch number 240/380.
Batch number 250/380.
Batch number 260/380.
Batch number 270/380.
Batch number 280/380.
Batch number 290/380.
Batch number 300/380.
Batch number 310/380.
Batch number 320/380.
Batch number 330/380.
Batch number 340/380.
Batch number 350/380.
Batch number 360/380.
Batch number 370/380.
Batch number 380/380.
Epoch: 1/80.. 
Training Loss: 1.542.. 
Training Accuracy: 48.964%
Training Time: 15.792 s
Epoch 0: the validation_accuracy is 58.9891975308642
Batch number 0/380.
Batch number 10/380.
Batch number 20/380.
Batch number 30/380.
Batch number 40/380.
Batch number 50/380.
Batch number 60/380.
Batch number 70/380.
Batch number 80/380.
Batch number 90/380.
Batch number 100/380.
Batch number 110/380.
Batch number 120/380.
Batch number 130/380.
Batch number 140/380.
Batch number 150/380.
Batch number 160/380.
Batch number 170/380.
Batch number 180/380.
Batch number 190/380.
Batch number 200/380.
Batch number 210/380.
Batch number 220/380.
Batch number 230/380.
Batch number 240/380.
Batch number 250/380.
Batch number 260/380.
Batch number 270/380.
Batch number 280/380.
Batch number 290/380.
Batch number 300/380.
Batch number 310/380.
Batch number 320/380.
Batch number 330/380.
Batch number 340/380.
Batch number 350/380.
Batch number 360/380.
Batch number 370/380.
Batch number 380/380.
Epoch: 2/80.. 
Training Loss: 1.012.. 
Training Accuracy: 66.793%
Training Time: 18.312 s
Epoch 1: the validation_accuracy is 70.40895061728395
Batch number 0/380.
Batch number 10/380.
Batch number 20/380.
Batch number 30/380.
Batch number 40/380.
Batch number 50/380.
Batch number 60/380.
Batch number 70/380.
Batch number 80/380.
Batch number 90/380.
Batch number 100/380.
Batch number 110/380.
Batch number 120/380.
Batch number 130/380.
Batch number 140/380.
Batch number 150/380.
Batch number 160/380.
Batch number 170/380.
Batch number 180/380.
Batch number 190/380.
Batch number 200/380.
Batch number 210/380.
Batch number 220/380.
Batch number 230/380.
Batch number 240/380.
Batch number 250/380.
Batch number 260/380.
Batch number 270/380.
Batch number 280/380.
Batch number 290/380.
Batch number 300/380.
Batch number 310/380.
Batch number 320/380.
Batch number 330/380.
Batch number 340/380.
Batch number 350/380.
Batch number 360/380.
Batch number 370/380.
Batch number 380/380.
Epoch: 3/80.. 
Training Loss: 0.779.. 
Training Accuracy: 74.605%
Training Time: 16.538 s
Epoch 2: the validation_accuracy is 74.6141975308642
Batch number 0/380.
Batch number 10/380.
Batch number 20/380.
Batch number 30/380.
Batch number 40/380.
Batch number 50/380.
Batch number 60/380.
Batch number 70/380.
Batch number 80/380.
Batch number 90/380.
Batch number 100/380.
Batch number 110/380.
Batch number 120/380.
Batch number 130/380.
Batch number 140/380.
Batch number 150/380.
Batch number 160/380.
Batch number 170/380.
Batch number 180/380.
Batch number 190/380.
Batch number 200/380.
Batch number 210/380.
Batch number 220/380.
Batch number 230/380.
Batch number 240/380.
Batch number 250/380.
Batch number 260/380.
Batch number 270/380.
Batch number 280/380.
Batch number 290/380.
Batch number 300/380.
Batch number 310/380.
Batch number 320/380.
Batch number 330/380.
Batch number 340/380.
Batch number 350/380.
Batch number 360/380.
Batch number 370/380.
Batch number 380/380.
Epoch: 4/80.. 
Training Loss: 0.646.. 
Training Accuracy: 78.125%
Training Time: 16.735 s
Epoch 3: the validation_accuracy is 76.04166666666666
Batch number 0/380.
Batch number 10/380.
Batch number 20/380.
Batch number 30/380.
Batch number 40/380.
Batch number 50/380.
Batch number 60/380.
Batch number 70/380.
Batch number 80/380.
Batch number 90/380.
Batch number 100/380.
Batch number 110/380.
Batch number 120/380.
Batch number 130/380.
Batch number 140/380.
Batch number 150/380.
Batch number 160/380.
Batch number 170/380.
Batch number 180/380.
Batch number 190/380.
Batch number 200/380.
Batch number 210/380.
Batch number 220/380.
Batch number 230/380.
Batch number 240/380.
Batch number 250/380.
Batch number 260/380.
Batch number 270/380.
Batch number 280/380.
Batch number 290/380.
Batch number 300/380.
Batch number 310/380.
Batch number 320/380.
Batch number 330/380.
Batch number 340/380.
Batch number 350/380.
Batch number 360/380.
Batch number 370/380.
Batch number 380/380.
Epoch: 5/80.. 
Training Loss: 0.506.. 
Training Accuracy: 83.109%
Training Time: 16.166 s
Batch number 0/380.
Batch number 10/380.
Batch number 20/380.
Batch number 30/380.
Batch number 40/380.
Batch number 50/380.
Batch number 60/380.
Batch number 70/380.
Batch number 80/380.
Batch number 90/380.
Batch number 100/380.
Batch number 110/380.
Batch number 120/380.
Batch number 130/380.
Batch number 140/380.
Batch number 150/380.
Batch number 160/380.
Batch number 170/380.
Batch number 180/380.
Batch number 190/380.
Batch number 200/380.
Batch number 210/380.
Batch number 220/380.
Batch number 230/380.
Batch number 240/380.
Batch number 250/380.
Batch number 260/380.
Batch number 270/380.
Batch number 280/380.
Batch number 290/380.
Batch number 300/380.
Batch number 310/380.
Batch number 320/380.
Batch number 330/380.
Batch number 340/380.
Batch number 350/380.
Batch number 360/380.
Batch number 370/380.
Batch number 380/380.
Epoch: 6/80.. 
Training Loss: 0.392.. 
Training Accuracy: 87.023%
Training Time: 15.284 s
Epoch 5: the validation_accuracy is 79.0895061728395
Batch number 0/380.
Batch number 10/380.
Batch number 20/380.
Batch number 30/380.
Batch number 40/380.
Batch number 50/380.
Batch number 60/380.
Batch number 70/380.
Batch number 80/380.
Batch number 90/380.
Batch number 100/380.
Batch number 110/380.
Batch number 120/380.
Batch number 130/380.
Batch number 140/380.
Batch number 150/380.
Batch number 160/380.
Batch number 170/380.
Batch number 180/380.
Batch number 190/380.
Batch number 200/380.
Batch number 210/380.
Batch number 220/380.
Batch number 230/380.
Batch number 240/380.
Batch number 250/380.
Batch number 260/380.
Batch number 270/380.
Batch number 280/380.
Batch number 290/380.
Batch number 300/380.
Batch number 310/380.
Batch number 320/380.
Batch number 330/380.
Batch number 340/380.
Batch number 350/380.
Batch number 360/380.
Batch number 370/380.
Batch number 380/380.
Epoch: 7/80.. 
Training Loss: 0.312.. 
Training Accuracy: 89.605%
Training Time: 15.590 s
Batch number 0/380.
Batch number 10/380.
Batch number 20/380.
Batch number 30/380.
Batch number 40/380.
Batch number 50/380.
Batch number 60/380.
Batch number 70/380.
Batch number 80/380.
Batch number 90/380.
Batch number 100/380.
Batch number 110/380.
Batch number 120/380.
Batch number 130/380.
Batch number 140/380.
Batch number 150/380.
Batch number 160/380.
Batch number 170/380.
Batch number 180/380.
Batch number 190/380.
Batch number 200/380.
Batch number 210/380.
Batch number 220/380.
Batch number 230/380.
Batch number 240/380.
Batch number 250/380.
Batch number 260/380.
Batch number 270/380.
Batch number 280/380.
Batch number 290/380.
Batch number 300/380.
Batch number 310/380.
Batch number 320/380.
Batch number 330/380.
Batch number 340/380.
Batch number 350/380.
Batch number 360/380.
Batch number 370/380.
Batch number 380/380.
Epoch: 8/80.. 
Training Loss: 0.226.. 
Training Accuracy: 92.516%
Training Time: 15.978 s
Batch number 0/380.
Batch number 10/380.
Batch number 20/380.
Batch number 30/380.
Batch number 40/380.
Batch number 50/380.
Batch number 60/380.
Batch number 70/380.
Batch number 80/380.
Batch number 90/380.
Batch number 100/380.
Batch number 110/380.
Batch number 120/380.
Batch number 130/380.
Batch number 140/380.
Batch number 150/380.
Batch number 160/380.
Batch number 170/380.
Batch number 180/380.
Batch number 190/380.
Batch number 200/380.
Batch number 210/380.
Batch number 220/380.
Batch number 230/380.
Batch number 240/380.
Batch number 250/380.
Batch number 260/380.
Batch number 270/380.
Batch number 280/380.
Batch number 290/380.
Batch number 300/380.
Batch number 310/380.
Batch number 320/380.
Batch number 330/380.
Batch number 340/380.
Batch number 350/380.
Batch number 360/380.
Batch number 370/380.
Batch number 380/380.
Epoch: 9/80.. 
Training Loss: 0.182.. 
Training Accuracy: 94.178%
Training Time: 15.645 s
Batch number 0/380.
Batch number 10/380.
Batch number 20/380.
Batch number 30/380.
Batch number 40/380.
Batch number 50/380.
Batch number 60/380.
Batch number 70/380.
Batch number 80/380.
Batch number 90/380.
Batch number 100/380.
Batch number 110/380.
Batch number 120/380.
Batch number 130/380.
Batch number 140/380.
Batch number 150/380.
Batch number 160/380.
Batch number 170/380.
Batch number 180/380.
Batch number 190/380.
Batch number 200/380.
Batch number 210/380.
Batch number 220/380.
Batch number 230/380.
Batch number 240/380.
Batch number 250/380.
Batch number 260/380.
Batch number 270/380.
Batch number 280/380.
Batch number 290/380.
Batch number 300/380.
Batch number 310/380.
Batch number 320/380.
Batch number 330/380.
Batch number 340/380.
Batch number 350/380.
Batch number 360/380.
Batch number 370/380.
Batch number 380/380.
Epoch: 10/80.. 
Training Loss: 0.105.. 
Training Accuracy: 96.859%
Training Time: 15.327 s
Epoch 9: the validation_accuracy is 80.2854938271605
Batch number 0/380.
Batch number 10/380.
Batch number 20/380.
Batch number 30/380.
Batch number 40/380.
Batch number 50/380.
Batch number 60/380.
Batch number 70/380.
Batch number 80/380.
Batch number 90/380.
Batch number 100/380.
Batch number 110/380.
Batch number 120/380.
Batch number 130/380.
Batch number 140/380.
Batch number 150/380.
Batch number 160/380.
Batch number 170/380.
Batch number 180/380.
Batch number 190/380.
Batch number 200/380.
Batch number 210/380.
Batch number 220/380.
Batch number 230/380.
Batch number 240/380.
Batch number 250/380.
Batch number 260/380.
Batch number 270/380.
Batch number 280/380.
Batch number 290/380.
Batch number 300/380.
Batch number 310/380.
Batch number 320/380.
Batch number 330/380.
Batch number 340/380.
Batch number 350/380.
Batch number 360/380.
Batch number 370/380.
Batch number 380/380.
Epoch: 11/80.. 
Training Loss: 0.079.. 
Training Accuracy: 97.615%
Training Time: 15.186 s
Batch number 0/380.
Batch number 10/380.
Batch number 20/380.
Batch number 30/380.
Batch number 40/380.
Batch number 50/380.
Batch number 60/380.
Batch number 70/380.
Batch number 80/380.
Batch number 90/380.
Batch number 100/380.
Batch number 110/380.
Batch number 120/380.
Batch number 130/380.
Batch number 140/380.
Batch number 150/380.
Batch number 160/380.
Batch number 170/380.
Batch number 180/380.
Batch number 190/380.
Batch number 200/380.
Batch number 210/380.
Batch number 220/380.
Batch number 230/380.
Batch number 240/380.
Batch number 250/380.
Batch number 260/380.
Batch number 270/380.
Batch number 280/380.
Batch number 290/380.
Batch number 300/380.
Batch number 310/380.
Batch number 320/380.
Batch number 330/380.
Batch number 340/380.
Batch number 350/380.
Batch number 360/380.
Batch number 370/380.
Batch number 380/380.
Epoch: 12/80.. 
Training Loss: 0.085.. 
Training Accuracy: 97.451%
Training Time: 15.934 s
Batch number 0/380.
Batch number 10/380.
Batch number 20/380.
Batch number 30/380.
Batch number 40/380.
Batch number 50/380.
Batch number 60/380.
Batch number 70/380.
Batch number 80/380.
Batch number 90/380.
Batch number 100/380.
Batch number 110/380.
Batch number 120/380.
Batch number 130/380.
Batch number 140/380.
Batch number 150/380.
Batch number 160/380.
Batch number 170/380.
Batch number 180/380.
Batch number 190/380.
Batch number 200/380.
Batch number 210/380.
Batch number 220/380.
Batch number 230/380.
Batch number 240/380.
Batch number 250/380.
Batch number 260/380.
Batch number 270/380.
Batch number 280/380.
Batch number 290/380.
Batch number 300/380.
Batch number 310/380.
Batch number 320/380.
Batch number 330/380.
Batch number 340/380.
Batch number 350/380.
Batch number 360/380.
Batch number 370/380.
Batch number 380/380.
Epoch: 13/80.. 
Training Loss: 0.077.. 
Training Accuracy: 97.697%
Training Time: 15.470 s
Batch number 0/380.
Batch number 10/380.
Batch number 20/380.
Batch number 30/380.
Batch number 40/380.
Batch number 50/380.
Batch number 60/380.
Batch number 70/380.
Batch number 80/380.
Batch number 90/380.
Batch number 100/380.
Batch number 110/380.
Batch number 120/380.
Batch number 130/380.
Batch number 140/380.
Batch number 150/380.
Batch number 160/380.
Batch number 170/380.
Batch number 180/380.
Batch number 190/380.
Batch number 200/380.
Batch number 210/380.
Batch number 220/380.
Batch number 230/380.
Batch number 240/380.
Batch number 250/380.
Batch number 260/380.
Batch number 270/380.
Batch number 280/380.
Batch number 290/380.
Batch number 300/380.
Batch number 310/380.
Batch number 320/380.
Batch number 330/380.
Batch number 340/380.
Batch number 350/380.
Batch number 360/380.
Batch number 370/380.
Batch number 380/380.
Epoch: 14/80.. 
Training Loss: 0.060.. 
Training Accuracy: 98.372%
Training Time: 15.635 s
Batch number 0/380.
Batch number 10/380.
Batch number 20/380.
Batch number 30/380.
Batch number 40/380.
Batch number 50/380.
Batch number 60/380.
Batch number 70/380.
Batch number 80/380.
Batch number 90/380.
Batch number 100/380.
Batch number 110/380.
Batch number 120/380.
Batch number 130/380.
Batch number 140/380.
Batch number 150/380.
Batch number 160/380.
Batch number 170/380.
Batch number 180/380.
Batch number 190/380.
Batch number 200/380.
Batch number 210/380.
Batch number 220/380.
Batch number 230/380.
Batch number 240/380.
Batch number 250/380.
Batch number 260/380.
Batch number 270/380.
Batch number 280/380.
Batch number 290/380.
Batch number 300/380.
Batch number 310/380.
Batch number 320/380.
Batch number 330/380.
Batch number 340/380.
Batch number 350/380.
Batch number 360/380.
Batch number 370/380.
Batch number 380/380.
Epoch: 15/80.. 
Training Loss: 0.069.. 
Training Accuracy: 97.862%
Training Time: 15.565 s
Batch number 0/380.
Batch number 10/380.
Batch number 20/380.
Batch number 30/380.
Batch number 40/380.
Batch number 50/380.
Batch number 60/380.
Batch number 70/380.
Batch number 80/380.
Batch number 90/380.
Batch number 100/380.
Batch number 110/380.
Batch number 120/380.
Batch number 130/380.
Batch number 140/380.
Batch number 150/380.
Batch number 160/380.
Batch number 170/380.
Batch number 180/380.
Batch number 190/380.
Batch number 200/380.
Batch number 210/380.
Batch number 220/380.
Batch number 230/380.
Batch number 240/380.
Batch number 250/380.
Batch number 260/380.
Batch number 270/380.
Batch number 280/380.
Batch number 290/380.
Batch number 300/380.
Batch number 310/380.
Batch number 320/380.
Batch number 330/380.
Batch number 340/380.
Batch number 350/380.
Batch number 360/380.
Batch number 370/380.
Batch number 380/380.
Epoch: 16/80.. 
Training Loss: 0.079.. 
Training Accuracy: 97.484%
Training Time: 15.305 s
Batch number 0/380.
Batch number 10/380.
Batch number 20/380.
Batch number 30/380.
Batch number 40/380.
Batch number 50/380.
Batch number 60/380.
Batch number 70/380.
Batch number 80/380.
Batch number 90/380.
Batch number 100/380.
Batch number 110/380.
Batch number 120/380.
Batch number 130/380.
Batch number 140/380.
Batch number 150/380.
Batch number 160/380.
Batch number 170/380.
Batch number 180/380.
Batch number 190/380.
Batch number 200/380.
Batch number 210/380.
Batch number 220/380.
Batch number 230/380.
Batch number 240/380.
Batch number 250/380.
Batch number 260/380.
Batch number 270/380.
Batch number 280/380.
Batch number 290/380.
Batch number 300/380.
Batch number 310/380.
Batch number 320/380.
Batch number 330/380.
Batch number 340/380.
Batch number 350/380.
Batch number 360/380.
Batch number 370/380.
Batch number 380/380.
Epoch: 17/80.. 
Training Loss: 0.066.. 
Training Accuracy: 97.977%
Training Time: 15.116 s
Batch number 0/380.
Batch number 10/380.
Batch number 20/380.
Batch number 30/380.
Batch number 40/380.
Batch number 50/380.
Batch number 60/380.
Batch number 70/380.
Batch number 80/380.
Batch number 90/380.
Batch number 100/380.
Batch number 110/380.
Batch number 120/380.
Batch number 130/380.
Batch number 140/380.
Batch number 150/380.
Batch number 160/380.
Batch number 170/380.
Batch number 180/380.
Batch number 190/380.
Batch number 200/380.
Batch number 210/380.
Batch number 220/380.
Batch number 230/380.
Batch number 240/380.
Batch number 250/380.
Batch number 260/380.
Batch number 270/380.
Batch number 280/380.
Batch number 290/380.
Batch number 300/380.
Batch number 310/380.
Batch number 320/380.
Batch number 330/380.
Batch number 340/380.
Batch number 350/380.
Batch number 360/380.
Batch number 370/380.
Batch number 380/380.
Epoch: 18/80.. 
Training Loss: 0.049.. 
Training Accuracy: 98.487%
Training Time: 15.226 s
Batch number 0/380.
Batch number 10/380.
Batch number 20/380.
Batch number 30/380.
Batch number 40/380.
Batch number 50/380.
Batch number 60/380.
Batch number 70/380.
Batch number 80/380.
Batch number 90/380.
Batch number 100/380.
Batch number 110/380.
Batch number 120/380.
Batch number 130/380.
Batch number 140/380.
Batch number 150/380.
Batch number 160/380.
Batch number 170/380.
Batch number 180/380.
Batch number 190/380.
Batch number 200/380.
Batch number 210/380.
Batch number 220/380.
Batch number 230/380.
Batch number 240/380.
Batch number 250/380.
Batch number 260/380.
Batch number 270/380.
Batch number 280/380.
Batch number 290/380.
Batch number 300/380.
Batch number 310/380.
Batch number 320/380.
Batch number 330/380.
Batch number 340/380.
Batch number 350/380.
Batch number 360/380.
Batch number 370/380.
Batch number 380/380.
Epoch: 19/80.. 
Training Loss: 0.043.. 
Training Accuracy: 98.882%
Training Time: 15.431 s
Batch number 0/380.
Batch number 10/380.
Batch number 20/380.
Batch number 30/380.
Batch number 40/380.
Batch number 50/380.
Batch number 60/380.
Batch number 70/380.
Batch number 80/380.
Batch number 90/380.
Batch number 100/380.
Batch number 110/380.
Batch number 120/380.
Batch number 130/380.
Batch number 140/380.
Batch number 150/380.
Batch number 160/380.
Batch number 170/380.
Batch number 180/380.
Batch number 190/380.
Batch number 200/380.
Batch number 210/380.
Batch number 220/380.
Batch number 230/380.
Batch number 240/380.
Batch number 250/380.
Batch number 260/380.
Batch number 270/380.
Batch number 280/380.
Batch number 290/380.
Batch number 300/380.
Batch number 310/380.
Batch number 320/380.
Batch number 330/380.
Batch number 340/380.
Batch number 350/380.
Batch number 360/380.
Batch number 370/380.
Batch number 380/380.
Epoch: 20/80.. 
Training Loss: 0.036.. 
Training Accuracy: 98.947%
Training Time: 15.834 s
Batch number 0/380.
Batch number 10/380.
Batch number 20/380.
Batch number 30/380.
Batch number 40/380.
Batch number 50/380.
Batch number 60/380.
Batch number 70/380.
Batch number 80/380.
Batch number 90/380.
Batch number 100/380.
Batch number 110/380.
Batch number 120/380.
Batch number 130/380.
Batch number 140/380.
Batch number 150/380.
Batch number 160/380.
Batch number 170/380.
Batch number 180/380.
Batch number 190/380.
Batch number 200/380.
Batch number 210/380.
Batch number 220/380.
Batch number 230/380.
Batch number 240/380.
Batch number 250/380.
Batch number 260/380.
Batch number 270/380.
Batch number 280/380.
Batch number 290/380.
Batch number 300/380.
Batch number 310/380.
Batch number 320/380.
Batch number 330/380.
Batch number 340/380.
Batch number 350/380.
Batch number 360/380.
Batch number 370/380.
Batch number 380/380.
Epoch: 21/80.. 
Training Loss: 0.013.. 
Training Accuracy: 99.819%
Training Time: 16.545 s
Batch number 0/380.
Batch number 10/380.
Batch number 20/380.
Batch number 30/380.
Batch number 40/380.
Batch number 50/380.
Batch number 60/380.
Batch number 70/380.
Batch number 80/380.
Batch number 90/380.
Batch number 100/380.
Batch number 110/380.
Batch number 120/380.
Batch number 130/380.
Batch number 140/380.
Batch number 150/380.
Batch number 160/380.
Batch number 170/380.
Batch number 180/380.
Batch number 190/380.
Batch number 200/380.
Batch number 210/380.
Batch number 220/380.
Batch number 230/380.
Batch number 240/380.
Batch number 250/380.
Batch number 260/380.
Batch number 270/380.
Batch number 280/380.
Batch number 290/380.
Batch number 300/380.
Batch number 310/380.
Batch number 320/380.
Batch number 330/380.
Batch number 340/380.
Batch number 350/380.
Batch number 360/380.
Batch number 370/380.
Batch number 380/380.
Epoch: 22/80.. 
Training Loss: 0.014.. 
Training Accuracy: 99.819%
Training Time: 15.780 s
Batch number 0/380.
Batch number 10/380.
Batch number 20/380.
Batch number 30/380.
Batch number 40/380.
Batch number 50/380.
Batch number 60/380.
Batch number 70/380.
Batch number 80/380.
Batch number 90/380.
Batch number 100/380.
Batch number 110/380.
Batch number 120/380.
Batch number 130/380.
Batch number 140/380.
Batch number 150/380.
Batch number 160/380.
Batch number 170/380.
Batch number 180/380.
Batch number 190/380.
Batch number 200/380.
Batch number 210/380.
Batch number 220/380.
Batch number 230/380.
Batch number 240/380.
Batch number 250/380.
Batch number 260/380.
Batch number 270/380.
Batch number 280/380.
Batch number 290/380.
Batch number 300/380.
Batch number 310/380.
Batch number 320/380.
Batch number 330/380.
Batch number 340/380.
Batch number 350/380.
Batch number 360/380.
Batch number 370/380.
Batch number 380/380.
Epoch: 23/80.. 
Training Loss: 0.012.. 
Training Accuracy: 99.803%
Training Time: 15.399 s
Batch number 0/380.
Batch number 10/380.
Batch number 20/380.
Batch number 30/380.
Batch number 40/380.
Batch number 50/380.
Batch number 60/380.
Batch number 70/380.
Batch number 80/380.
Batch number 90/380.
Batch number 100/380.
Batch number 110/380.
Batch number 120/380.
Batch number 130/380.
Batch number 140/380.
Batch number 150/380.
Batch number 160/380.
Batch number 170/380.
Batch number 180/380.
Batch number 190/380.
Batch number 200/380.
Batch number 210/380.
Batch number 220/380.
Batch number 230/380.
Batch number 240/380.
Batch number 250/380.
Batch number 260/380.
Batch number 270/380.
Batch number 280/380.
Batch number 290/380.
Batch number 300/380.
Batch number 310/380.
Batch number 320/380.
Batch number 330/380.
Batch number 340/380.
Batch number 350/380.
Batch number 360/380.
Batch number 370/380.
Batch number 380/380.
Epoch: 24/80.. 
Training Loss: 0.055.. 
Training Accuracy: 98.240%
Training Time: 15.690 s
Batch number 0/380.
Batch number 10/380.
Batch number 20/380.
Batch number 30/380.
Batch number 40/380.
Batch number 50/380.
Batch number 60/380.
Batch number 70/380.
Batch number 80/380.
Batch number 90/380.
Batch number 100/380.
Batch number 110/380.
Batch number 120/380.
Batch number 130/380.
Batch number 140/380.
Batch number 150/380.
Batch number 160/380.
Batch number 170/380.
Batch number 180/380.
Batch number 190/380.
Batch number 200/380.
Batch number 210/380.
Batch number 220/380.
Batch number 230/380.
Batch number 240/380.
Batch number 250/380.
Batch number 260/380.
Batch number 270/380.
Batch number 280/380.
Batch number 290/380.
Batch number 300/380.
Batch number 310/380.
Batch number 320/380.
Batch number 330/380.
Batch number 340/380.
Batch number 350/380.
Batch number 360/380.
Batch number 370/380.
Batch number 380/380.
Epoch: 25/80.. 
Training Loss: 0.049.. 
Training Accuracy: 98.684%
Training Time: 15.583 s
Batch number 0/380.
Batch number 10/380.
Batch number 20/380.
Batch number 30/380.
Batch number 40/380.
Batch number 50/380.
Batch number 60/380.
Batch number 70/380.
Batch number 80/380.
Batch number 90/380.
Batch number 100/380.
Batch number 110/380.
Batch number 120/380.
Batch number 130/380.
Batch number 140/380.
Batch number 150/380.
Batch number 160/380.
Batch number 170/380.
Batch number 180/380.
Batch number 190/380.
Batch number 200/380.
Batch number 210/380.
Batch number 220/380.
Batch number 230/380.
Batch number 240/380.
Batch number 250/380.
Batch number 260/380.
Batch number 270/380.
Batch number 280/380.
Batch number 290/380.
Batch number 300/380.
Batch number 310/380.
Batch number 320/380.
Batch number 330/380.
Batch number 340/380.
Batch number 350/380.
Batch number 360/380.
Batch number 370/380.
Batch number 380/380.
Epoch: 26/80.. 
Training Loss: 0.041.. 
Training Accuracy: 98.832%
Training Time: 15.627 s
Batch number 0/380.
Batch number 10/380.
Batch number 20/380.
Batch number 30/380.
Batch number 40/380.
Batch number 50/380.
Batch number 60/380.
Batch number 70/380.
Batch number 80/380.
Batch number 90/380.
Batch number 100/380.
Batch number 110/380.
Batch number 120/380.
Batch number 130/380.
Batch number 140/380.
Batch number 150/380.
Batch number 160/380.
Batch number 170/380.
Batch number 180/380.
Batch number 190/380.
Batch number 200/380.
Batch number 210/380.
Batch number 220/380.
Batch number 230/380.
Batch number 240/380.
Batch number 250/380.
Batch number 260/380.
Batch number 270/380.
Batch number 280/380.
Batch number 290/380.
Batch number 300/380.
Batch number 310/380.
Batch number 320/380.
Batch number 330/380.
Batch number 340/380.
Batch number 350/380.
Batch number 360/380.
Batch number 370/380.
Batch number 380/380.
Epoch: 27/80.. 
Training Loss: 0.014.. 
Training Accuracy: 99.786%
Training Time: 14.998 s
Batch number 0/380.
Batch number 10/380.
Batch number 20/380.
Batch number 30/380.
Batch number 40/380.
Batch number 50/380.
Batch number 60/380.
Batch number 70/380.
Batch number 80/380.
Batch number 90/380.
Batch number 100/380.
Batch number 110/380.
Batch number 120/380.
Batch number 130/380.
Batch number 140/380.
Batch number 150/380.
Batch number 160/380.
Batch number 170/380.
Batch number 180/380.
Batch number 190/380.
Batch number 200/380.
Batch number 210/380.
Batch number 220/380.
Batch number 230/380.
Batch number 240/380.
Batch number 250/380.
Batch number 260/380.
Batch number 270/380.
Batch number 280/380.
Batch number 290/380.
Batch number 300/380.
Batch number 310/380.
Batch number 320/380.
Batch number 330/380.
Batch number 340/380.
Batch number 350/380.
Batch number 360/380.
Batch number 370/380.
Batch number 380/380.
Epoch: 28/80.. 
Training Loss: 0.007.. 
Training Accuracy: 100.049%
Training Time: 15.079 s
Batch number 0/380.
Batch number 10/380.
Batch number 20/380.
Batch number 30/380.
Batch number 40/380.
Batch number 50/380.
Batch number 60/380.
Batch number 70/380.
Batch number 80/380.
Batch number 90/380.
Batch number 100/380.
Batch number 110/380.
Batch number 120/380.
Batch number 130/380.
Batch number 140/380.
Batch number 150/380.
Batch number 160/380.
Batch number 170/380.
Batch number 180/380.
Batch number 190/380.
Batch number 200/380.
Batch number 210/380.
Batch number 220/380.
Batch number 230/380.
Batch number 240/380.
Batch number 250/380.
Batch number 260/380.
Batch number 270/380.
Batch number 280/380.
Batch number 290/380.
Batch number 300/380.
Batch number 310/380.
Batch number 320/380.
Batch number 330/380.
Batch number 340/380.
Batch number 350/380.
Batch number 360/380.
Batch number 370/380.
Batch number 380/380.
Epoch: 29/80.. 
Training Loss: 0.010.. 
Training Accuracy: 99.868%
Training Time: 15.104 s
Batch number 0/380.
Batch number 10/380.
Batch number 20/380.
Batch number 30/380.
Batch number 40/380.
Batch number 50/380.
Batch number 60/380.
Batch number 70/380.
Batch number 80/380.
Batch number 90/380.
Batch number 100/380.
Batch number 110/380.
Batch number 120/380.
Batch number 130/380.
Batch number 140/380.
Batch number 150/380.
Batch number 160/380.
Batch number 170/380.
Batch number 180/380.
Batch number 190/380.
Batch number 200/380.
Batch number 210/380.
Batch number 220/380.
Batch number 230/380.
Batch number 240/380.
Batch number 250/380.
Batch number 260/380.
Batch number 270/380.
Batch number 280/380.
Batch number 290/380.
Batch number 300/380.
Batch number 310/380.
Batch number 320/380.
Batch number 330/380.
Batch number 340/380.
Batch number 350/380.
Batch number 360/380.
Batch number 370/380.
Batch number 380/380.
Epoch: 30/80.. 
Training Loss: 0.013.. 
Training Accuracy: 99.836%
Training Time: 14.785 s
Batch number 0/380.
Batch number 10/380.
Batch number 20/380.
Batch number 30/380.
Batch number 40/380.
Batch number 50/380.
Batch number 60/380.
Batch number 70/380.
Batch number 80/380.
Batch number 90/380.
Batch number 100/380.
Batch number 110/380.
Batch number 120/380.
Batch number 130/380.
Batch number 140/380.
Batch number 150/380.
Batch number 160/380.
Batch number 170/380.
Batch number 180/380.
Batch number 190/380.
Batch number 200/380.
Batch number 210/380.
Batch number 220/380.
Batch number 230/380.
Batch number 240/380.
Batch number 250/380.
Batch number 260/380.
Batch number 270/380.
Batch number 280/380.
Batch number 290/380.
Batch number 300/380.
Batch number 310/380.
Batch number 320/380.
Batch number 330/380.
Batch number 340/380.
Batch number 350/380.
Batch number 360/380.
Batch number 370/380.
Batch number 380/380.
Epoch: 31/80.. 
Training Loss: 0.030.. 
Training Accuracy: 99.095%
Training Time: 15.095 s
Batch number 0/380.
Batch number 10/380.
Batch number 20/380.
Batch number 30/380.
Batch number 40/380.
Batch number 50/380.
Batch number 60/380.
Batch number 70/380.
Batch number 80/380.
Batch number 90/380.
Batch number 100/380.
Batch number 110/380.
Batch number 120/380.
Batch number 130/380.
Batch number 140/380.
Batch number 150/380.
Batch number 160/380.
Batch number 170/380.
Batch number 180/380.
Batch number 190/380.
Batch number 200/380.
Batch number 210/380.
Batch number 220/380.
Batch number 230/380.
Batch number 240/380.
Batch number 250/380.
Batch number 260/380.
Batch number 270/380.
Batch number 280/380.
Batch number 290/380.
Batch number 300/380.
Batch number 310/380.
Batch number 320/380.
Batch number 330/380.
Batch number 340/380.
Batch number 350/380.
Batch number 360/380.
Batch number 370/380.
Batch number 380/380.
Epoch: 32/80.. 
Training Loss: 0.011.. 
Training Accuracy: 99.885%
Training Time: 15.237 s
Epoch 31: the validation_accuracy is 80.55555555555556
Batch number 0/380.
Batch number 10/380.
Batch number 20/380.
Batch number 30/380.
Batch number 40/380.
Batch number 50/380.
Batch number 60/380.
Batch number 70/380.
Batch number 80/380.
Batch number 90/380.
Batch number 100/380.
Batch number 110/380.
Batch number 120/380.
Batch number 130/380.
Batch number 140/380.
Batch number 150/380.
Batch number 160/380.
Batch number 170/380.
Batch number 180/380.
Batch number 190/380.
Batch number 200/380.
Batch number 210/380.
Batch number 220/380.
Batch number 230/380.
Batch number 240/380.
Batch number 250/380.
Batch number 260/380.
Batch number 270/380.
Batch number 280/380.
Batch number 290/380.
Batch number 300/380.
Batch number 310/380.
Batch number 320/380.
Batch number 330/380.
Batch number 340/380.
Batch number 350/380.
Batch number 360/380.
Batch number 370/380.
Batch number 380/380.
Epoch: 33/80.. 
Training Loss: 0.004.. 
Training Accuracy: 100.099%
Training Time: 15.418 s
Epoch 32: the validation_accuracy is 80.59413580246914
Batch number 0/380.
Batch number 10/380.
Batch number 20/380.
Batch number 30/380.
Batch number 40/380.
Batch number 50/380.
Batch number 60/380.
Batch number 70/380.
Batch number 80/380.
Batch number 90/380.
Batch number 100/380.
Batch number 110/380.
Batch number 120/380.
Batch number 130/380.
Batch number 140/380.
Batch number 150/380.
Batch number 160/380.
Batch number 170/380.
Batch number 180/380.
Batch number 190/380.
Batch number 200/380.
Batch number 210/380.
Batch number 220/380.
Batch number 230/380.
Batch number 240/380.
Batch number 250/380.
Batch number 260/380.
Batch number 270/380.
Batch number 280/380.
Batch number 290/380.
Batch number 300/380.
Batch number 310/380.
Batch number 320/380.
Batch number 330/380.
Batch number 340/380.
Batch number 350/380.
Batch number 360/380.
Batch number 370/380.
Batch number 380/380.
Epoch: 34/80.. 
Training Loss: 0.008.. 
Training Accuracy: 99.934%
Training Time: 15.068 s
Epoch 33: the validation_accuracy is 81.09567901234568
Batch number 0/380.
Batch number 10/380.
Batch number 20/380.
Batch number 30/380.
Batch number 40/380.
Batch number 50/380.
Batch number 60/380.
Batch number 70/380.
Batch number 80/380.
Batch number 90/380.
Batch number 100/380.
Batch number 110/380.
Batch number 120/380.
Batch number 130/380.
Batch number 140/380.
Batch number 150/380.
Batch number 160/380.
Batch number 170/380.
Batch number 180/380.
Batch number 190/380.
Batch number 200/380.
Batch number 210/380.
Batch number 220/380.
Batch number 230/380.
Batch number 240/380.
Batch number 250/380.
Batch number 260/380.
Batch number 270/380.
Batch number 280/380.
Batch number 290/380.
Batch number 300/380.
Batch number 310/380.
Batch number 320/380.
Batch number 330/380.
Batch number 340/380.
Batch number 350/380.
Batch number 360/380.
Batch number 370/380.
Batch number 380/380.
Epoch: 35/80.. 
Training Loss: 0.014.. 
Training Accuracy: 99.836%
Training Time: 15.009 s
Batch number 0/380.
Batch number 10/380.
Batch number 20/380.
Batch number 30/380.
Batch number 40/380.
Batch number 50/380.
Batch number 60/380.
Batch number 70/380.
Batch number 80/380.
Batch number 90/380.
Batch number 100/380.
Batch number 110/380.
Batch number 120/380.
Batch number 130/380.
Batch number 140/380.
Batch number 150/380.
Batch number 160/380.
Batch number 170/380.
Batch number 180/380.
Batch number 190/380.
Batch number 200/380.
Batch number 210/380.
Batch number 220/380.
Batch number 230/380.
Batch number 240/380.
Batch number 250/380.
Batch number 260/380.
Batch number 270/380.
Batch number 280/380.
Batch number 290/380.
Batch number 300/380.
Batch number 310/380.
Batch number 320/380.
Batch number 330/380.
Batch number 340/380.
Batch number 350/380.
Batch number 360/380.
Batch number 370/380.
Batch number 380/380.
Epoch: 36/80.. 
Training Loss: 0.048.. 
Training Accuracy: 98.668%
Training Time: 15.892 s
Batch number 0/380.
Batch number 10/380.
Batch number 20/380.
Batch number 30/380.
Batch number 40/380.
Batch number 50/380.
Batch number 60/380.
Batch number 70/380.
Batch number 80/380.
Batch number 90/380.
Batch number 100/380.
Batch number 110/380.
Batch number 120/380.
Batch number 130/380.
Batch number 140/380.
Batch number 150/380.
Batch number 160/380.
Batch number 170/380.
Batch number 180/380.
Batch number 190/380.
Batch number 200/380.
Batch number 210/380.
Batch number 220/380.
Batch number 230/380.
Batch number 240/380.
Batch number 250/380.
Batch number 260/380.
Batch number 270/380.
Batch number 280/380.
Batch number 290/380.
Batch number 300/380.
Batch number 310/380.
Batch number 320/380.
Batch number 330/380.
Batch number 340/380.
Batch number 350/380.
Batch number 360/380.
Batch number 370/380.
Batch number 380/380.
Epoch: 37/80.. 
Training Loss: 0.018.. 
Training Accuracy: 99.638%
Training Time: 15.657 s
Batch number 0/380.
Batch number 10/380.
Batch number 20/380.
Batch number 30/380.
Batch number 40/380.
Batch number 50/380.
Batch number 60/380.
Batch number 70/380.
Batch number 80/380.
Batch number 90/380.
Batch number 100/380.
Batch number 110/380.
Batch number 120/380.
Batch number 130/380.
Batch number 140/380.
Batch number 150/380.
Batch number 160/380.
Batch number 170/380.
Batch number 180/380.
Batch number 190/380.
Batch number 200/380.
Batch number 210/380.
Batch number 220/380.
Batch number 230/380.
Batch number 240/380.
Batch number 250/380.
Batch number 260/380.
Batch number 270/380.
Batch number 280/380.
Batch number 290/380.
Batch number 300/380.
Batch number 310/380.
Batch number 320/380.
Batch number 330/380.
Batch number 340/380.
Batch number 350/380.
Batch number 360/380.
Batch number 370/380.
Batch number 380/380.
Epoch: 38/80.. 
Training Loss: 0.011.. 
Training Accuracy: 99.901%
Training Time: 15.134 s
Batch number 0/380.
Batch number 10/380.
Batch number 20/380.
Batch number 30/380.
Batch number 40/380.
Batch number 50/380.
Batch number 60/380.
Batch number 70/380.
Batch number 80/380.
Batch number 90/380.
Batch number 100/380.
Batch number 110/380.
Batch number 120/380.
Batch number 130/380.
Batch number 140/380.
Batch number 150/380.
Batch number 160/380.
Batch number 170/380.
Batch number 180/380.
Batch number 190/380.
Batch number 200/380.
Batch number 210/380.
Batch number 220/380.
Batch number 230/380.
Batch number 240/380.
Batch number 250/380.
Batch number 260/380.
Batch number 270/380.
Batch number 280/380.
Batch number 290/380.
Batch number 300/380.
Batch number 310/380.
Batch number 320/380.
Batch number 330/380.
Batch number 340/380.
Batch number 350/380.
Batch number 360/380.
Batch number 370/380.
Batch number 380/380.
Epoch: 39/80.. 
Training Loss: 0.019.. 
Training Accuracy: 99.539%
Training Time: 16.434 s
Batch number 0/380.
Batch number 10/380.
Batch number 20/380.
Batch number 30/380.
Batch number 40/380.
Batch number 50/380.
Batch number 60/380.
Batch number 70/380.
Batch number 80/380.
Batch number 90/380.
Batch number 100/380.
Batch number 110/380.
Batch number 120/380.
Batch number 130/380.
Batch number 140/380.
Batch number 150/380.
Batch number 160/380.
Batch number 170/380.
Batch number 180/380.
Batch number 190/380.
Batch number 200/380.
Batch number 210/380.
Batch number 220/380.
Batch number 230/380.
Batch number 240/380.
Batch number 250/380.
Batch number 260/380.
Batch number 270/380.
Batch number 280/380.
Batch number 290/380.
Batch number 300/380.
Batch number 310/380.
Batch number 320/380.
Batch number 330/380.
Batch number 340/380.
Batch number 350/380.
Batch number 360/380.
Batch number 370/380.
Batch number 380/380.
Epoch: 40/80.. 
Training Loss: 0.011.. 
Training Accuracy: 99.836%
Training Time: 15.598 s
Batch number 0/380.
Batch number 10/380.
Batch number 20/380.
Batch number 30/380.
Batch number 40/380.
Batch number 50/380.
Batch number 60/380.
Batch number 70/380.
Batch number 80/380.
Batch number 90/380.
Batch number 100/380.
Batch number 110/380.
Batch number 120/380.
Batch number 130/380.
Batch number 140/380.
Batch number 150/380.
Batch number 160/380.
Batch number 170/380.
Batch number 180/380.
Batch number 190/380.
Batch number 200/380.
Batch number 210/380.
Batch number 220/380.
Batch number 230/380.
Batch number 240/380.
Batch number 250/380.
Batch number 260/380.
Batch number 270/380.
Batch number 280/380.
Batch number 290/380.
Batch number 300/380.
Batch number 310/380.
Batch number 320/380.
Batch number 330/380.
Batch number 340/380.
Batch number 350/380.
Batch number 360/380.
Batch number 370/380.
Batch number 380/380.
Epoch: 41/80.. 
Training Loss: 0.004.. 
Training Accuracy: 100.115%
Training Time: 15.670 s
Epoch 40: the validation_accuracy is 81.55864197530865
Batch number 0/380.
Batch number 10/380.
Batch number 20/380.
Batch number 30/380.
Batch number 40/380.
Batch number 50/380.
Batch number 60/380.
Batch number 70/380.
Batch number 80/380.
Batch number 90/380.
Batch number 100/380.
Batch number 110/380.
Batch number 120/380.
Batch number 130/380.
Batch number 140/380.
Batch number 150/380.
Batch number 160/380.
Batch number 170/380.
Batch number 180/380.
Batch number 190/380.
Batch number 200/380.
Batch number 210/380.
Batch number 220/380.
Batch number 230/380.
Batch number 240/380.
Batch number 250/380.
Batch number 260/380.
Batch number 270/380.
Batch number 280/380.
Batch number 290/380.
Batch number 300/380.
Batch number 310/380.
Batch number 320/380.
Batch number 330/380.
Batch number 340/380.
Batch number 350/380.
Batch number 360/380.
Batch number 370/380.
Batch number 380/380.
Epoch: 42/80.. 
Training Loss: 0.006.. 
Training Accuracy: 100.016%
Training Time: 15.620 s
Batch number 0/380.
Batch number 10/380.
Batch number 20/380.
Batch number 30/380.
Batch number 40/380.
Batch number 50/380.
Batch number 60/380.
Batch number 70/380.
Batch number 80/380.
Batch number 90/380.
Batch number 100/380.
Batch number 110/380.
Batch number 120/380.
Batch number 130/380.
Batch number 140/380.
Batch number 150/380.
Batch number 160/380.
Batch number 170/380.
Batch number 180/380.
Batch number 190/380.
Batch number 200/380.
Batch number 210/380.
Batch number 220/380.
Batch number 230/380.
Batch number 240/380.
Batch number 250/380.
Batch number 260/380.
Batch number 270/380.
Batch number 280/380.
Batch number 290/380.
Batch number 300/380.
Batch number 310/380.
Batch number 320/380.
Batch number 330/380.
Batch number 340/380.
Batch number 350/380.
Batch number 360/380.
Batch number 370/380.
Batch number 380/380.
Epoch: 43/80.. 
Training Loss: 0.004.. 
Training Accuracy: 100.099%
Training Time: 15.273 s
Batch number 0/380.
Batch number 10/380.
Batch number 20/380.
Batch number 30/380.
Batch number 40/380.
Batch number 50/380.
Batch number 60/380.
Batch number 70/380.
Batch number 80/380.
Batch number 90/380.
Batch number 100/380.
Batch number 110/380.
Batch number 120/380.
Batch number 130/380.
Batch number 140/380.
Batch number 150/380.
Batch number 160/380.
Batch number 170/380.
Batch number 180/380.
Batch number 190/380.
Batch number 200/380.
Batch number 210/380.
Batch number 220/380.
Batch number 230/380.
Batch number 240/380.
Batch number 250/380.
Batch number 260/380.
Batch number 270/380.
Batch number 280/380.
Batch number 290/380.
Batch number 300/380.
Batch number 310/380.
Batch number 320/380.
Batch number 330/380.
Batch number 340/380.
Batch number 350/380.
Batch number 360/380.
Batch number 370/380.
Batch number 380/380.
Epoch: 44/80.. 
Training Loss: 0.002.. 
Training Accuracy: 100.148%
Training Time: 15.756 s
Batch number 0/380.
Batch number 10/380.
Batch number 20/380.
Batch number 30/380.
Batch number 40/380.
Batch number 50/380.
Batch number 60/380.
Batch number 70/380.
Batch number 80/380.
Batch number 90/380.
Batch number 100/380.
Batch number 110/380.
Batch number 120/380.
Batch number 130/380.
Batch number 140/380.
Batch number 150/380.
Batch number 160/380.
Batch number 170/380.
Batch number 180/380.
Batch number 190/380.
Batch number 200/380.
Batch number 210/380.
Batch number 220/380.
Batch number 230/380.
Batch number 240/380.
Batch number 250/380.
Batch number 260/380.
Batch number 270/380.
Batch number 280/380.
Batch number 290/380.
Batch number 300/380.
Batch number 310/380.
Batch number 320/380.
Batch number 330/380.
Batch number 340/380.
Batch number 350/380.
Batch number 360/380.
Batch number 370/380.
Batch number 380/380.
Epoch: 45/80.. 
Training Loss: 0.002.. 
Training Accuracy: 100.148%
Training Time: 15.357 s
Epoch 44: the validation_accuracy is 81.71296296296296
Batch number 0/380.
Batch number 10/380.
Batch number 20/380.
Batch number 30/380.
Batch number 40/380.
Batch number 50/380.
Batch number 60/380.
Batch number 70/380.
Batch number 80/380.
Batch number 90/380.
Batch number 100/380.
Batch number 110/380.
Batch number 120/380.
Batch number 130/380.
Batch number 140/380.
Batch number 150/380.
Batch number 160/380.
Batch number 170/380.
Batch number 180/380.
Batch number 190/380.
Batch number 200/380.
Batch number 210/380.
Batch number 220/380.
Batch number 230/380.
Batch number 240/380.
Batch number 250/380.
Batch number 260/380.
Batch number 270/380.
Batch number 280/380.
Batch number 290/380.
Batch number 300/380.
Batch number 310/380.
Batch number 320/380.
Batch number 330/380.
Batch number 340/380.
Batch number 350/380.
Batch number 360/380.
Batch number 370/380.
Batch number 380/380.
Epoch: 46/80.. 
Training Loss: 0.001.. 
Training Accuracy: 100.164%
Training Time: 15.462 s
Batch number 0/380.
Batch number 10/380.
Batch number 20/380.
Batch number 30/380.
Batch number 40/380.
Batch number 50/380.
Batch number 60/380.
Batch number 70/380.
Batch number 80/380.
Batch number 90/380.
Batch number 100/380.
Batch number 110/380.
Batch number 120/380.
Batch number 130/380.
Batch number 140/380.
Batch number 150/380.
Batch number 160/380.
Batch number 170/380.
Batch number 180/380.
Batch number 190/380.
Batch number 200/380.
Batch number 210/380.
Batch number 220/380.
Batch number 230/380.
Batch number 240/380.
Batch number 250/380.
Batch number 260/380.
Batch number 270/380.
Batch number 280/380.
Batch number 290/380.
Batch number 300/380.
Batch number 310/380.
Batch number 320/380.
Batch number 330/380.
Batch number 340/380.
Batch number 350/380.
Batch number 360/380.
Batch number 370/380.
Batch number 380/380.
Epoch: 47/80.. 
Training Loss: 0.002.. 
Training Accuracy: 100.132%
Training Time: 15.387 s
Epoch 46: the validation_accuracy is 82.25308641975309
Batch number 0/380.
Batch number 10/380.
Batch number 20/380.
Batch number 30/380.
Batch number 40/380.
Batch number 50/380.
Batch number 60/380.
Batch number 70/380.
Batch number 80/380.
Batch number 90/380.
Batch number 100/380.
Batch number 110/380.
Batch number 120/380.
Batch number 130/380.
Batch number 140/380.
Batch number 150/380.
Batch number 160/380.
Batch number 170/380.
Batch number 180/380.
Batch number 190/380.
Batch number 200/380.
Batch number 210/380.
Batch number 220/380.
Batch number 230/380.
Batch number 240/380.
Batch number 250/380.
Batch number 260/380.
Batch number 270/380.
Batch number 280/380.
Batch number 290/380.
Batch number 300/380.
Batch number 310/380.
Batch number 320/380.
Batch number 330/380.
Batch number 340/380.
Batch number 350/380.
Batch number 360/380.
Batch number 370/380.
Batch number 380/380.
Epoch: 48/80.. 
Training Loss: 0.038.. 
Training Accuracy: 99.095%
Training Time: 15.681 s
Batch number 0/380.
Batch number 10/380.
Batch number 20/380.
Batch number 30/380.
Batch number 40/380.
Batch number 50/380.
Batch number 60/380.
Batch number 70/380.
Batch number 80/380.
Batch number 90/380.
Batch number 100/380.
Batch number 110/380.
Batch number 120/380.
Batch number 130/380.
Batch number 140/380.
Batch number 150/380.
Batch number 160/380.
Batch number 170/380.
Batch number 180/380.
Batch number 190/380.
Batch number 200/380.
Batch number 210/380.
Batch number 220/380.
Batch number 230/380.
Batch number 240/380.
Batch number 250/380.
Batch number 260/380.
Batch number 270/380.
Batch number 280/380.
Batch number 290/380.
Batch number 300/380.
Batch number 310/380.
Batch number 320/380.
Batch number 330/380.
Batch number 340/380.
Batch number 350/380.
Batch number 360/380.
Batch number 370/380.
Batch number 380/380.
Epoch: 49/80.. 
Training Loss: 0.017.. 
Training Accuracy: 99.605%
Training Time: 15.415 s
Batch number 0/380.
Batch number 10/380.
Batch number 20/380.
Batch number 30/380.
Batch number 40/380.
Batch number 50/380.
Batch number 60/380.
Batch number 70/380.
Batch number 80/380.
Batch number 90/380.
Batch number 100/380.
Batch number 110/380.
Batch number 120/380.
Batch number 130/380.
Batch number 140/380.
Batch number 150/380.
Batch number 160/380.
Batch number 170/380.
Batch number 180/380.
Batch number 190/380.
Batch number 200/380.
Batch number 210/380.
Batch number 220/380.
Batch number 230/380.
Batch number 240/380.
Batch number 250/380.
Batch number 260/380.
Batch number 270/380.
Batch number 280/380.
Batch number 290/380.
Batch number 300/380.
Batch number 310/380.
Batch number 320/380.
Batch number 330/380.
Batch number 340/380.
Batch number 350/380.
Batch number 360/380.
Batch number 370/380.
Batch number 380/380.
Epoch: 50/80.. 
Training Loss: 0.008.. 
Training Accuracy: 99.951%
Training Time: 15.483 s
Batch number 0/380.
Batch number 10/380.
Batch number 20/380.
Batch number 30/380.
Batch number 40/380.
Batch number 50/380.
Batch number 60/380.
Batch number 70/380.
Batch number 80/380.
Batch number 90/380.
Batch number 100/380.
Batch number 110/380.
Batch number 120/380.
Batch number 130/380.
Batch number 140/380.
Batch number 150/380.
Batch number 160/380.
Batch number 170/380.
Batch number 180/380.
Batch number 190/380.
Batch number 200/380.
Batch number 210/380.
Batch number 220/380.
Batch number 230/380.
Batch number 240/380.
Batch number 250/380.
Batch number 260/380.
Batch number 270/380.
Batch number 280/380.
Batch number 290/380.
Batch number 300/380.
Batch number 310/380.
Batch number 320/380.
Batch number 330/380.
Batch number 340/380.
Batch number 350/380.
Batch number 360/380.
Batch number 370/380.
Batch number 380/380.
Epoch: 51/80.. 
Training Loss: 0.001.. 
Training Accuracy: 100.132%
Training Time: 15.506 s
Batch number 0/380.
Batch number 10/380.
Batch number 20/380.
Batch number 30/380.
Batch number 40/380.
Batch number 50/380.
Batch number 60/380.
Batch number 70/380.
Batch number 80/380.
Batch number 90/380.
Batch number 100/380.
Batch number 110/380.
Batch number 120/380.
Batch number 130/380.
Batch number 140/380.
Batch number 150/380.
Batch number 160/380.
Batch number 170/380.
Batch number 180/380.
Batch number 190/380.
Batch number 200/380.
Batch number 210/380.
Batch number 220/380.
Batch number 230/380.
Batch number 240/380.
Batch number 250/380.
Batch number 260/380.
Batch number 270/380.
Batch number 280/380.
Batch number 290/380.
Batch number 300/380.
Batch number 310/380.
Batch number 320/380.
Batch number 330/380.
Batch number 340/380.
Batch number 350/380.
Batch number 360/380.
Batch number 370/380.
Batch number 380/380.
Epoch: 52/80.. 
Training Loss: 0.001.. 
Training Accuracy: 100.148%
Training Time: 15.516 s
Batch number 0/380.
Batch number 10/380.
Batch number 20/380.
Batch number 30/380.
Batch number 40/380.
Batch number 50/380.
Batch number 60/380.
Batch number 70/380.
Batch number 80/380.
Batch number 90/380.
Batch number 100/380.
Batch number 110/380.
Batch number 120/380.
Batch number 130/380.
Batch number 140/380.
Batch number 150/380.
Batch number 160/380.
Batch number 170/380.
Batch number 180/380.
Batch number 190/380.
Batch number 200/380.
Batch number 210/380.
Batch number 220/380.
Batch number 230/380.
Batch number 240/380.
Batch number 250/380.
Batch number 260/380.
Batch number 270/380.
Batch number 280/380.
Batch number 290/380.
Batch number 300/380.
Batch number 310/380.
Batch number 320/380.
Batch number 330/380.
Batch number 340/380.
Batch number 350/380.
Batch number 360/380.
Batch number 370/380.
Batch number 380/380.
Epoch: 53/80.. 
Training Loss: 0.001.. 
Training Accuracy: 100.148%
Training Time: 15.250 s
Batch number 0/380.
Batch number 10/380.
Batch number 20/380.
Batch number 30/380.
Batch number 40/380.
Batch number 50/380.
Batch number 60/380.
Batch number 70/380.
Batch number 80/380.
Batch number 90/380.
Batch number 100/380.
Batch number 110/380.
Batch number 120/380.
Batch number 130/380.
Batch number 140/380.
Batch number 150/380.
Batch number 160/380.
Batch number 170/380.
Batch number 180/380.
Batch number 190/380.
Batch number 200/380.
Batch number 210/380.
Batch number 220/380.
Batch number 230/380.
Batch number 240/380.
Batch number 250/380.
Batch number 260/380.
Batch number 270/380.
Batch number 280/380.
Batch number 290/380.
Batch number 300/380.
Batch number 310/380.
Batch number 320/380.
Batch number 330/380.
Batch number 340/380.
Batch number 350/380.
Batch number 360/380.
Batch number 370/380.
Batch number 380/380.
Epoch: 54/80.. 
Training Loss: 0.001.. 
Training Accuracy: 100.148%
Training Time: 15.289 s
Batch number 0/380.
Batch number 10/380.
Batch number 20/380.
Batch number 30/380.
Batch number 40/380.
Batch number 50/380.
Batch number 60/380.
Batch number 70/380.
Batch number 80/380.
Batch number 90/380.
Batch number 100/380.
Batch number 110/380.
Batch number 120/380.
Batch number 130/380.
Batch number 140/380.
Batch number 150/380.
Batch number 160/380.
Batch number 170/380.
Batch number 180/380.
Batch number 190/380.
Batch number 200/380.
Batch number 210/380.
Batch number 220/380.
Batch number 230/380.
Batch number 240/380.
Batch number 250/380.
Batch number 260/380.
Batch number 270/380.
Batch number 280/380.
Batch number 290/380.
Batch number 300/380.
Batch number 310/380.
Batch number 320/380.
Batch number 330/380.
Batch number 340/380.
Batch number 350/380.
Batch number 360/380.
Batch number 370/380.
Batch number 380/380.
Epoch: 55/80.. 
Training Loss: 0.001.. 
Training Accuracy: 100.148%
Training Time: 15.026 s
Batch number 0/380.
Batch number 10/380.
Batch number 20/380.
Batch number 30/380.
Batch number 40/380.
Batch number 50/380.
Batch number 60/380.
Batch number 70/380.
Batch number 80/380.
Batch number 90/380.
Batch number 100/380.
Batch number 110/380.
Batch number 120/380.
Batch number 130/380.
Batch number 140/380.
Batch number 150/380.
Batch number 160/380.
Batch number 170/380.
Batch number 180/380.
Batch number 190/380.
Batch number 200/380.
Batch number 210/380.
Batch number 220/380.
Batch number 230/380.
Batch number 240/380.
Batch number 250/380.
Batch number 260/380.
Batch number 270/380.
Batch number 280/380.
Batch number 290/380.
Batch number 300/380.
Batch number 310/380.
Batch number 320/380.
Batch number 330/380.
Batch number 340/380.
Batch number 350/380.
Batch number 360/380.
Batch number 370/380.
Batch number 380/380.
Epoch: 56/80.. 
Training Loss: 0.004.. 
Training Accuracy: 100.066%
Training Time: 15.865 s
Batch number 0/380.
Batch number 10/380.
Batch number 20/380.
Batch number 30/380.
Batch number 40/380.
Batch number 50/380.
Batch number 60/380.
Batch number 70/380.
Batch number 80/380.
Batch number 90/380.
Batch number 100/380.
Batch number 110/380.
Batch number 120/380.
Batch number 130/380.
Batch number 140/380.
Batch number 150/380.
Batch number 160/380.
Batch number 170/380.
Batch number 180/380.
Batch number 190/380.
Batch number 200/380.
Batch number 210/380.
Batch number 220/380.
Batch number 230/380.
Batch number 240/380.
Batch number 250/380.
Batch number 260/380.
Batch number 270/380.
Batch number 280/380.
Batch number 290/380.
Batch number 300/380.
Batch number 310/380.
Batch number 320/380.
Batch number 330/380.
Batch number 340/380.
Batch number 350/380.
Batch number 360/380.
Batch number 370/380.
Batch number 380/380.
Epoch: 57/80.. 
Training Loss: 0.023.. 
Training Accuracy: 99.622%
Training Time: 16.954 s
Batch number 0/380.
Batch number 10/380.
Batch number 20/380.
Batch number 30/380.
Batch number 40/380.
Batch number 50/380.
Batch number 60/380.
Batch number 70/380.
Batch number 80/380.
Batch number 90/380.
Batch number 100/380.
Batch number 110/380.
Batch number 120/380.
Batch number 130/380.
Batch number 140/380.
Batch number 150/380.
Batch number 160/380.
Batch number 170/380.
Batch number 180/380.
Batch number 190/380.
Batch number 200/380.
Batch number 210/380.
Batch number 220/380.
Batch number 230/380.
Batch number 240/380.
Batch number 250/380.
Batch number 260/380.
Batch number 270/380.
Batch number 280/380.
Batch number 290/380.
Batch number 300/380.
Batch number 310/380.
Batch number 320/380.
Batch number 330/380.
Batch number 340/380.
Batch number 350/380.
Batch number 360/380.
Batch number 370/380.
Batch number 380/380.
Epoch: 58/80.. 
Training Loss: 0.010.. 
Training Accuracy: 99.819%
Training Time: 15.713 s
Batch number 0/380.
Batch number 10/380.
Batch number 20/380.
Batch number 30/380.
Batch number 40/380.
Batch number 50/380.
Batch number 60/380.
Batch number 70/380.
Batch number 80/380.
Batch number 90/380.
Batch number 100/380.
Batch number 110/380.
Batch number 120/380.
Batch number 130/380.
Batch number 140/380.
Batch number 150/380.
Batch number 160/380.
Batch number 170/380.
Batch number 180/380.
Batch number 190/380.
Batch number 200/380.
Batch number 210/380.
Batch number 220/380.
Batch number 230/380.
Batch number 240/380.
Batch number 250/380.
Batch number 260/380.
Batch number 270/380.
Batch number 280/380.
Batch number 290/380.
Batch number 300/380.
Batch number 310/380.
Batch number 320/380.
Batch number 330/380.
Batch number 340/380.
Batch number 350/380.
Batch number 360/380.
Batch number 370/380.
Batch number 380/380.
Epoch: 59/80.. 
Training Loss: 0.004.. 
Training Accuracy: 100.082%
Training Time: 15.551 s
Batch number 0/380.
Batch number 10/380.
Batch number 20/380.
Batch number 30/380.
Batch number 40/380.
Batch number 50/380.
Batch number 60/380.
Batch number 70/380.
Batch number 80/380.
Batch number 90/380.
Batch number 100/380.
Batch number 110/380.
Batch number 120/380.
Batch number 130/380.
Batch number 140/380.
Batch number 150/380.
Batch number 160/380.
Batch number 170/380.
Batch number 180/380.
Batch number 190/380.
Batch number 200/380.
Batch number 210/380.
Batch number 220/380.
Batch number 230/380.
Batch number 240/380.
Batch number 250/380.
Batch number 260/380.
Batch number 270/380.
Batch number 280/380.
Batch number 290/380.
Batch number 300/380.
Batch number 310/380.
Batch number 320/380.
Batch number 330/380.
Batch number 340/380.
Batch number 350/380.
Batch number 360/380.
Batch number 370/380.
Batch number 380/380.
Epoch: 60/80.. 
Training Loss: 0.003.. 
Training Accuracy: 100.066%
Training Time: 15.001 s
Batch number 0/380.
Batch number 10/380.
Batch number 20/380.
Batch number 30/380.
Batch number 40/380.
Batch number 50/380.
Batch number 60/380.
Batch number 70/380.
Batch number 80/380.
Batch number 90/380.
Batch number 100/380.
Batch number 110/380.
Batch number 120/380.
Batch number 130/380.
Batch number 140/380.
Batch number 150/380.
Batch number 160/380.
Batch number 170/380.
Batch number 180/380.
Batch number 190/380.
Batch number 200/380.
Batch number 210/380.
Batch number 220/380.
Batch number 230/380.
Batch number 240/380.
Batch number 250/380.
Batch number 260/380.
Batch number 270/380.
Batch number 280/380.
Batch number 290/380.
Batch number 300/380.
Batch number 310/380.
Batch number 320/380.
Batch number 330/380.
Batch number 340/380.
Batch number 350/380.
Batch number 360/380.
Batch number 370/380.
Batch number 380/380.
Epoch: 61/80.. 
Training Loss: 0.002.. 
Training Accuracy: 100.132%
Training Time: 15.771 s
Batch number 0/380.
Batch number 10/380.
Batch number 20/380.
Batch number 30/380.
Batch number 40/380.
Batch number 50/380.
Batch number 60/380.
Batch number 70/380.
Batch number 80/380.
Batch number 90/380.
Batch number 100/380.
Batch number 110/380.
Batch number 120/380.
Batch number 130/380.
Batch number 140/380.
Batch number 150/380.
Batch number 160/380.
Batch number 170/380.
Batch number 180/380.
Batch number 190/380.
Batch number 200/380.
Batch number 210/380.
Batch number 220/380.
Batch number 230/380.
Batch number 240/380.
Batch number 250/380.
Batch number 260/380.
Batch number 270/380.
Batch number 280/380.
Batch number 290/380.
Batch number 300/380.
Batch number 310/380.
Batch number 320/380.
Batch number 330/380.
Batch number 340/380.
Batch number 350/380.
Batch number 360/380.
Batch number 370/380.
Batch number 380/380.
Epoch: 62/80.. 
Training Loss: 0.001.. 
Training Accuracy: 100.132%
Training Time: 15.534 s
Batch number 0/380.
Batch number 10/380.
Batch number 20/380.
Batch number 30/380.
Batch number 40/380.
Batch number 50/380.
Batch number 60/380.
Batch number 70/380.
Batch number 80/380.
Batch number 90/380.
Batch number 100/380.
Batch number 110/380.
Batch number 120/380.
Batch number 130/380.
Batch number 140/380.
Batch number 150/380.
Batch number 160/380.
Batch number 170/380.
Batch number 180/380.
Batch number 190/380.
Batch number 200/380.
Batch number 210/380.
Batch number 220/380.
Batch number 230/380.
Batch number 240/380.
Batch number 250/380.
Batch number 260/380.
Batch number 270/380.
Batch number 280/380.
Batch number 290/380.
Batch number 300/380.
Batch number 310/380.
Batch number 320/380.
Batch number 330/380.
Batch number 340/380.
Batch number 350/380.
Batch number 360/380.
Batch number 370/380.
Batch number 380/380.
Epoch: 63/80.. 
Training Loss: 0.013.. 
Training Accuracy: 99.803%
Training Time: 15.382 s
Batch number 0/380.
Batch number 10/380.
Batch number 20/380.
Batch number 30/380.
Batch number 40/380.
Batch number 50/380.
Batch number 60/380.
Batch number 70/380.
Batch number 80/380.
Batch number 90/380.
Batch number 100/380.
Batch number 110/380.
Batch number 120/380.
Batch number 130/380.
Batch number 140/380.
Batch number 150/380.
Batch number 160/380.
Batch number 170/380.
Batch number 180/380.
Batch number 190/380.
Batch number 200/380.
Batch number 210/380.
Batch number 220/380.
Batch number 230/380.
Batch number 240/380.
Batch number 250/380.
Batch number 260/380.
Batch number 270/380.
Batch number 280/380.
Batch number 290/380.
Batch number 300/380.
Batch number 310/380.
Batch number 320/380.
Batch number 330/380.
Batch number 340/380.
Batch number 350/380.
Batch number 360/380.
Batch number 370/380.
Batch number 380/380.
Epoch: 64/80.. 
Training Loss: 0.003.. 
Training Accuracy: 100.115%
Training Time: 15.086 s
Batch number 0/380.
Batch number 10/380.
Batch number 20/380.
Batch number 30/380.
Batch number 40/380.
Batch number 50/380.
Batch number 60/380.
Batch number 70/380.
Batch number 80/380.
Batch number 90/380.
Batch number 100/380.
Batch number 110/380.
Batch number 120/380.
Batch number 130/380.
Batch number 140/380.
Batch number 150/380.
Batch number 160/380.
Batch number 170/380.
Batch number 180/380.
Batch number 190/380.
Batch number 200/380.
Batch number 210/380.
Batch number 220/380.
Batch number 230/380.
Batch number 240/380.
Batch number 250/380.
Batch number 260/380.
Batch number 270/380.
Batch number 280/380.
Batch number 290/380.
Batch number 300/380.
Batch number 310/380.
Batch number 320/380.
Batch number 330/380.
Batch number 340/380.
Batch number 350/380.
Batch number 360/380.
Batch number 370/380.
Batch number 380/380.
Epoch: 65/80.. 
Training Loss: 0.003.. 
Training Accuracy: 100.099%
Training Time: 16.084 s
Batch number 0/380.
Batch number 10/380.
Batch number 20/380.
Batch number 30/380.
Batch number 40/380.
Batch number 50/380.
Batch number 60/380.
Batch number 70/380.
Batch number 80/380.
Batch number 90/380.
Batch number 100/380.
Batch number 110/380.
Batch number 120/380.
Batch number 130/380.
Batch number 140/380.
Batch number 150/380.
Batch number 160/380.
Batch number 170/380.
Batch number 180/380.
Batch number 190/380.
Batch number 200/380.
Batch number 210/380.
Batch number 220/380.
Batch number 230/380.
Batch number 240/380.
Batch number 250/380.
Batch number 260/380.
Batch number 270/380.
Batch number 280/380.
Batch number 290/380.
Batch number 300/380.
Batch number 310/380.
Batch number 320/380.
Batch number 330/380.
Batch number 340/380.
Batch number 350/380.
Batch number 360/380.
Batch number 370/380.
Batch number 380/380.
Epoch: 66/80.. 
Training Loss: 0.001.. 
Training Accuracy: 100.115%
Training Time: 15.449 s
Batch number 0/380.
Batch number 10/380.
Batch number 20/380.
Batch number 30/380.
Batch number 40/380.
Batch number 50/380.
Batch number 60/380.
Batch number 70/380.
Batch number 80/380.
Batch number 90/380.
Batch number 100/380.
Batch number 110/380.
Batch number 120/380.
Batch number 130/380.
Batch number 140/380.
Batch number 150/380.
Batch number 160/380.
Batch number 170/380.
Batch number 180/380.
Batch number 190/380.
Batch number 200/380.
Batch number 210/380.
Batch number 220/380.
Batch number 230/380.
Batch number 240/380.
Batch number 250/380.
Batch number 260/380.
Batch number 270/380.
Batch number 280/380.
Batch number 290/380.
Batch number 300/380.
Batch number 310/380.
Batch number 320/380.
Batch number 330/380.
Batch number 340/380.
Batch number 350/380.
Batch number 360/380.
Batch number 370/380.
Batch number 380/380.
Epoch: 67/80.. 
Training Loss: 0.001.. 
Training Accuracy: 100.164%
Training Time: 15.703 s
Batch number 0/380.
Batch number 10/380.
Batch number 20/380.
Batch number 30/380.
Batch number 40/380.
Batch number 50/380.
Batch number 60/380.
Batch number 70/380.
Batch number 80/380.
Batch number 90/380.
Batch number 100/380.
Batch number 110/380.
Batch number 120/380.
Batch number 130/380.
Batch number 140/380.
Batch number 150/380.
Batch number 160/380.
Batch number 170/380.
Batch number 180/380.
Batch number 190/380.
Batch number 200/380.
Batch number 210/380.
Batch number 220/380.
Batch number 230/380.
Batch number 240/380.
Batch number 250/380.
Batch number 260/380.
Batch number 270/380.
Batch number 280/380.
Batch number 290/380.
Batch number 300/380.
Batch number 310/380.
Batch number 320/380.
Batch number 330/380.
Batch number 340/380.
Batch number 350/380.
Batch number 360/380.
Batch number 370/380.
Batch number 380/380.
Epoch: 68/80.. 
Training Loss: 0.001.. 
Training Accuracy: 100.164%
Training Time: 15.627 s
Batch number 0/380.
Batch number 10/380.
Batch number 20/380.
Batch number 30/380.
Batch number 40/380.
Batch number 50/380.
Batch number 60/380.
Batch number 70/380.
Batch number 80/380.
Batch number 90/380.
Batch number 100/380.
Batch number 110/380.
Batch number 120/380.
Batch number 130/380.
Batch number 140/380.
Batch number 150/380.
Batch number 160/380.
Batch number 170/380.
Batch number 180/380.
Batch number 190/380.
Batch number 200/380.
Batch number 210/380.
Batch number 220/380.
Batch number 230/380.
Batch number 240/380.
Batch number 250/380.
Batch number 260/380.
Batch number 270/380.
Batch number 280/380.
Batch number 290/380.
Batch number 300/380.
Batch number 310/380.
Batch number 320/380.
Batch number 330/380.
Batch number 340/380.
Batch number 350/380.
Batch number 360/380.
Batch number 370/380.
Batch number 380/380.
Epoch: 69/80.. 
Training Loss: 0.001.. 
Training Accuracy: 100.164%
Training Time: 16.006 s
Batch number 0/380.
Batch number 10/380.
Batch number 20/380.
Batch number 30/380.
Batch number 40/380.
Batch number 50/380.
Batch number 60/380.
Batch number 70/380.
Batch number 80/380.
Batch number 90/380.
Batch number 100/380.
Batch number 110/380.
Batch number 120/380.
Batch number 130/380.
Batch number 140/380.
Batch number 150/380.
Batch number 160/380.
Batch number 170/380.
Batch number 180/380.
Batch number 190/380.
Batch number 200/380.
Batch number 210/380.
Batch number 220/380.
Batch number 230/380.
Batch number 240/380.
Batch number 250/380.
Batch number 260/380.
Batch number 270/380.
Batch number 280/380.
Batch number 290/380.
Batch number 300/380.
Batch number 310/380.
Batch number 320/380.
Batch number 330/380.
Batch number 340/380.
Batch number 350/380.
Batch number 360/380.
Batch number 370/380.
Batch number 380/380.
Epoch: 70/80.. 
Training Loss: 0.001.. 
Training Accuracy: 100.148%
Training Time: 15.729 s
Batch number 0/380.
Batch number 10/380.
Batch number 20/380.
Batch number 30/380.
Batch number 40/380.
Batch number 50/380.
Batch number 60/380.
Batch number 70/380.
Batch number 80/380.
Batch number 90/380.
Batch number 100/380.
Batch number 110/380.
Batch number 120/380.
Batch number 130/380.
Batch number 140/380.
Batch number 150/380.
Batch number 160/380.
Batch number 170/380.
Batch number 180/380.
Batch number 190/380.
Batch number 200/380.
Batch number 210/380.
Batch number 220/380.
Batch number 230/380.
Batch number 240/380.
Batch number 250/380.
Batch number 260/380.
Batch number 270/380.
Batch number 280/380.
Batch number 290/380.
Batch number 300/380.
Batch number 310/380.
Batch number 320/380.
Batch number 330/380.
Batch number 340/380.
Batch number 350/380.
Batch number 360/380.
Batch number 370/380.
Batch number 380/380.
Epoch: 71/80.. 
Training Loss: 0.001.. 
Training Accuracy: 100.148%
Training Time: 15.760 s
Batch number 0/380.
Batch number 10/380.
Batch number 20/380.
Batch number 30/380.
Batch number 40/380.
Batch number 50/380.
Batch number 60/380.
Batch number 70/380.
Batch number 80/380.
Batch number 90/380.
Batch number 100/380.
Batch number 110/380.
Batch number 120/380.
Batch number 130/380.
Batch number 140/380.
Batch number 150/380.
Batch number 160/380.
Batch number 170/380.
Batch number 180/380.
Batch number 190/380.
Batch number 200/380.
Batch number 210/380.
Batch number 220/380.
Batch number 230/380.
Batch number 240/380.
Batch number 250/380.
Batch number 260/380.
Batch number 270/380.
Batch number 280/380.
Batch number 290/380.
Batch number 300/380.
Batch number 310/380.
Batch number 320/380.
Batch number 330/380.
Batch number 340/380.
Batch number 350/380.
Batch number 360/380.
Batch number 370/380.
Batch number 380/380.
Epoch: 72/80.. 
Training Loss: 0.001.. 
Training Accuracy: 100.148%
Training Time: 15.995 s
Batch number 0/380.
Batch number 10/380.
Batch number 20/380.
Batch number 30/380.
Batch number 40/380.
Batch number 50/380.
Batch number 60/380.
Batch number 70/380.
Batch number 80/380.
Batch number 90/380.
Batch number 100/380.
Batch number 110/380.
Batch number 120/380.
Batch number 130/380.
Batch number 140/380.
Batch number 150/380.
Batch number 160/380.
Batch number 170/380.
Batch number 180/380.
Batch number 190/380.
Batch number 200/380.
Batch number 210/380.
Batch number 220/380.
Batch number 230/380.
Batch number 240/380.
Batch number 250/380.
Batch number 260/380.
Batch number 270/380.
Batch number 280/380.
Batch number 290/380.
Batch number 300/380.
Batch number 310/380.
Batch number 320/380.
Batch number 330/380.
Batch number 340/380.
Batch number 350/380.
Batch number 360/380.
Batch number 370/380.
Batch number 380/380.
Epoch: 73/80.. 
Training Loss: 0.000.. 
Training Accuracy: 100.164%
Training Time: 16.004 s
Batch number 0/380.
Batch number 10/380.
Batch number 20/380.
Batch number 30/380.
Batch number 40/380.
Batch number 50/380.
Batch number 60/380.
Batch number 70/380.
Batch number 80/380.
Batch number 90/380.
Batch number 100/380.
Batch number 110/380.
Batch number 120/380.
Batch number 130/380.
Batch number 140/380.
Batch number 150/380.
Batch number 160/380.
Batch number 170/380.
Batch number 180/380.
Batch number 190/380.
Batch number 200/380.
Batch number 210/380.
Batch number 220/380.
Batch number 230/380.
Batch number 240/380.
Batch number 250/380.
Batch number 260/380.
Batch number 270/380.
Batch number 280/380.
Batch number 290/380.
Batch number 300/380.
Batch number 310/380.
Batch number 320/380.
Batch number 330/380.
Batch number 340/380.
Batch number 350/380.
Batch number 360/380.
Batch number 370/380.
Batch number 380/380.
Epoch: 74/80.. 
Training Loss: 0.001.. 
Training Accuracy: 100.164%
Training Time: 16.087 s
Batch number 0/380.
Batch number 10/380.
Batch number 20/380.
Batch number 30/380.
Batch number 40/380.
Batch number 50/380.
Batch number 60/380.
Batch number 70/380.
Batch number 80/380.
Batch number 90/380.
Batch number 100/380.
Batch number 110/380.
Batch number 120/380.
Batch number 130/380.
Batch number 140/380.
Batch number 150/380.
Batch number 160/380.
Batch number 170/380.
Batch number 180/380.
Batch number 190/380.
Batch number 200/380.
Batch number 210/380.
Batch number 220/380.
Batch number 230/380.
Batch number 240/380.
Batch number 250/380.
Batch number 260/380.
Batch number 270/380.
Batch number 280/380.
Batch number 290/380.
Batch number 300/380.
Batch number 310/380.
Batch number 320/380.
Batch number 330/380.
Batch number 340/380.
Batch number 350/380.
Batch number 360/380.
Batch number 370/380.
Batch number 380/380.
Epoch: 75/80.. 
Training Loss: 0.000.. 
Training Accuracy: 100.164%
Training Time: 18.079 s
Batch number 0/380.
Batch number 10/380.
Batch number 20/380.
Batch number 30/380.
Batch number 40/380.
Batch number 50/380.
Batch number 60/380.
Batch number 70/380.
Batch number 80/380.
Batch number 90/380.
Batch number 100/380.
Batch number 110/380.
Batch number 120/380.
Batch number 130/380.
Batch number 140/380.
Batch number 150/380.
Batch number 160/380.
Batch number 170/380.
Batch number 180/380.
Batch number 190/380.
Batch number 200/380.
Batch number 210/380.
Batch number 220/380.
Batch number 230/380.
Batch number 240/380.
Batch number 250/380.
Batch number 260/380.
Batch number 270/380.
Batch number 280/380.
Batch number 290/380.
Batch number 300/380.
Batch number 310/380.
Batch number 320/380.
Batch number 330/380.
Batch number 340/380.
Batch number 350/380.
Batch number 360/380.
Batch number 370/380.
Batch number 380/380.
Epoch: 76/80.. 
Training Loss: 0.001.. 
Training Accuracy: 100.148%
Training Time: 16.312 s
Batch number 0/380.
Batch number 10/380.
Batch number 20/380.
Batch number 30/380.
Batch number 40/380.
Batch number 50/380.
Batch number 60/380.
Batch number 70/380.
Batch number 80/380.
Batch number 90/380.
Batch number 100/380.
Batch number 110/380.
Batch number 120/380.
Batch number 130/380.
Batch number 140/380.
Batch number 150/380.
Batch number 160/380.
Batch number 170/380.
Batch number 180/380.
Batch number 190/380.
Batch number 200/380.
Batch number 210/380.
Batch number 220/380.
Batch number 230/380.
Batch number 240/380.
Batch number 250/380.
Batch number 260/380.
Batch number 270/380.
Batch number 280/380.
Batch number 290/380.
Batch number 300/380.
Batch number 310/380.
Batch number 320/380.
Batch number 330/380.
Batch number 340/380.
Batch number 350/380.
Batch number 360/380.
Batch number 370/380.
Batch number 380/380.
Epoch: 77/80.. 
Training Loss: 0.001.. 
Training Accuracy: 100.164%
Training Time: 15.686 s
Batch number 0/380.
Batch number 10/380.
Batch number 20/380.
Batch number 30/380.
Batch number 40/380.
Batch number 50/380.
Batch number 60/380.
Batch number 70/380.
Batch number 80/380.
Batch number 90/380.
Batch number 100/380.
Batch number 110/380.
Batch number 120/380.
Batch number 130/380.
Batch number 140/380.
Batch number 150/380.
Batch number 160/380.
Batch number 170/380.
Batch number 180/380.
Batch number 190/380.
Batch number 200/380.
Batch number 210/380.
Batch number 220/380.
Batch number 230/380.
Batch number 240/380.
Batch number 250/380.
Batch number 260/380.
Batch number 270/380.
Batch number 280/380.
Batch number 290/380.
Batch number 300/380.
Batch number 310/380.
Batch number 320/380.
Batch number 330/380.
Batch number 340/380.
Batch number 350/380.
Batch number 360/380.
Batch number 370/380.
Batch number 380/380.
Epoch: 78/80.. 
Training Loss: 0.001.. 
Training Accuracy: 100.148%
Training Time: 15.406 s
Batch number 0/380.
Batch number 10/380.
Batch number 20/380.
Batch number 30/380.
Batch number 40/380.
Batch number 50/380.
Batch number 60/380.
Batch number 70/380.
Batch number 80/380.
Batch number 90/380.
Batch number 100/380.
Batch number 110/380.
Batch number 120/380.
Batch number 130/380.
Batch number 140/380.
Batch number 150/380.
Batch number 160/380.
Batch number 170/380.
Batch number 180/380.
Batch number 190/380.
Batch number 200/380.
Batch number 210/380.
Batch number 220/380.
Batch number 230/380.
Batch number 240/380.
Batch number 250/380.
Batch number 260/380.
Batch number 270/380.
Batch number 280/380.
Batch number 290/380.
Batch number 300/380.
Batch number 310/380.
Batch number 320/380.
Batch number 330/380.
Batch number 340/380.
Batch number 350/380.
Batch number 360/380.
Batch number 370/380.
Batch number 380/380.
Epoch: 79/80.. 
Training Loss: 0.011.. 
Training Accuracy: 99.868%
Training Time: 15.519 s
Batch number 0/380.
Batch number 10/380.
Batch number 20/380.
Batch number 30/380.
Batch number 40/380.
Batch number 50/380.
Batch number 60/380.
Batch number 70/380.
Batch number 80/380.
Batch number 90/380.
Batch number 100/380.
Batch number 110/380.
Batch number 120/380.
Batch number 130/380.
Batch number 140/380.
Batch number 150/380.
Batch number 160/380.
Batch number 170/380.
Batch number 180/380.
Batch number 190/380.
Batch number 200/380.
Batch number 210/380.
Batch number 220/380.
Batch number 230/380.
Batch number 240/380.
Batch number 250/380.
Batch number 260/380.
Batch number 270/380.
Batch number 280/380.
Batch number 290/380.
Batch number 300/380.
Batch number 310/380.
Batch number 320/380.
Batch number 330/380.
Batch number 340/380.
Batch number 350/380.
Batch number 360/380.
Batch number 370/380.
Batch number 380/380.
Epoch: 80/80.. 
Training Loss: 0.003.. 
Training Accuracy: 100.132%
Training Time: 15.648 s
